2014-11-05 20:35:51,129 [Start Help Server] INFO  org.eclipse.jetty.server.Server - jetty-8.1.14.v20131031
2014-11-05 20:35:51,269 [Start Help Server] INFO  o.e.jetty.server.AbstractConnector - Started SelectChannelConnector@127.0.0.1:49689
2014-11-07 17:59:06,529 [main] ERROR o.e.r.m.a.MavenCentralFingerprintSearchAdvisor - Exception when querying Solr Server <http://search.maven.org/solrsearch>
org.apache.solr.client.solrj.SolrServerException: org.apache.commons.httpclient.ConnectTimeoutException: The host did not accept the connection within timeout of 3000 ms
	at org.apache.solr.client.solrj.impl.CommonsHttpSolrServer.request(CommonsHttpSolrServer.java:480) ~[org.apache.solr.client.solrj_3.5.0.v20120530-0900.jar:na]
	at org.apache.solr.client.solrj.impl.CommonsHttpSolrServer.request(CommonsHttpSolrServer.java:246) ~[org.apache.solr.client.solrj_3.5.0.v20120530-0900.jar:na]
	at org.apache.solr.client.solrj.request.QueryRequest.process(QueryRequest.java:89) ~[na:na]
	at org.apache.solr.client.solrj.SolrServer.query(SolrServer.java:266) ~[org.apache.solr.client.solrj_3.5.0.v20120530-0900.jar:na]
	at org.eclipse.recommenders.models.advisors.MavenCentralFingerprintSearchAdvisor.doSuggest(MavenCentralFingerprintSearchAdvisor.java:91) ~[org.eclipse.recommenders.models_2.1.9.v20140917-1240.jar:na]
	at org.eclipse.recommenders.models.advisors.AbstractProjectCoordinateAdvisor.suggest(AbstractProjectCoordinateAdvisor.java:29) [org.eclipse.recommenders.models_2.1.9.v20140917-1240.jar:na]
	at org.eclipse.recommenders.models.rcp.advisors.EclipseMavenCentralFingerprintSearchAdvisor.suggest(EclipseMavenCentralFingerprintSearchAdvisor.java:55) [org.eclipse.recommenders.models.rcp_2.1.9.v20140917-1240.jar:na]
	at org.eclipse.recommenders.models.advisors.ProjectCoordinateAdvisorService.suggest(ProjectCoordinateAdvisorService.java:52) [org.eclipse.recommenders.models_2.1.9.v20140917-1240.jar:na]
	at org.eclipse.recommenders.internal.models.rcp.EclipseProjectCoordinateAdvisorService$2.load(EclipseProjectCoordinateAdvisorService.java:101) [org.eclipse.recommenders.models.rcp_2.1.9.v20140917-1240.jar:na]
	at org.eclipse.recommenders.internal.models.rcp.EclipseProjectCoordinateAdvisorService$2.load(EclipseProjectCoordinateAdvisorService.java:1) [org.eclipse.recommenders.models.rcp_2.1.9.v20140917-1240.jar:na]
	at com.google.common.cache.LocalCache$LoadingValueReference.loadFuture(LocalCache.java:3522) [com.google.guava_15.0.0.v201403281430.jar:na]
	at com.google.common.cache.LocalCache$Segment.loadSync(LocalCache.java:2315) [com.google.guava_15.0.0.v201403281430.jar:na]
	at com.google.common.cache.LocalCache$Segment.lockedGetOrLoad(LocalCache.java:2278) [com.google.guava_15.0.0.v201403281430.jar:na]
	at com.google.common.cache.LocalCache$Segment.get(LocalCache.java:2193) [com.google.guava_15.0.0.v201403281430.jar:na]
	at com.google.common.cache.LocalCache.get(LocalCache.java:3932) [com.google.guava_15.0.0.v201403281430.jar:na]
	at com.google.common.cache.LocalCache.getOrLoad(LocalCache.java:3936) [com.google.guava_15.0.0.v201403281430.jar:na]
	at com.google.common.cache.LocalCache$LocalLoadingCache.get(LocalCache.java:4806) [com.google.guava_15.0.0.v201403281430.jar:na]
	at org.eclipse.recommenders.internal.models.rcp.EclipseProjectCoordinateAdvisorService.suggest(EclipseProjectCoordinateAdvisorService.java:137) [org.eclipse.recommenders.models.rcp_2.1.9.v20140917-1240.jar:na]
	at org.eclipse.recommenders.internal.models.rcp.ProjectCoordinateProvider.resolve(ProjectCoordinateProvider.java:190) [org.eclipse.recommenders.models.rcp_2.1.9.v20140917-1240.jar:na]
	at org.eclipse.recommenders.internal.models.rcp.ProjectCoordinateProvider.resolve(ProjectCoordinateProvider.java:125) [org.eclipse.recommenders.models.rcp_2.1.9.v20140917-1240.jar:na]
	at org.eclipse.recommenders.internal.models.rcp.ProjectCoordinateProvider.resolve(ProjectCoordinateProvider.java:99) [org.eclipse.recommenders.models.rcp_2.1.9.v20140917-1240.jar:na]
	at org.eclipse.recommenders.internal.models.rcp.ProjectCoordinateProvider.toUniqueName(ProjectCoordinateProvider.java:195) [org.eclipse.recommenders.models.rcp_2.1.9.v20140917-1240.jar:na]
	at org.eclipse.recommenders.internal.calls.rcp.CallCompletionSessionProcessor.findReceiverTypeAndModel(CallCompletionSessionProcessor.java:122) [org.eclipse.recommenders.calls.rcp_2.1.9.v20140917-1240.jar:na]
	at org.eclipse.recommenders.internal.calls.rcp.CallCompletionSessionProcessor.startSession(CallCompletionSessionProcessor.java:111) [org.eclipse.recommenders.calls.rcp_2.1.9.v20140917-1240.jar:na]
	at org.eclipse.recommenders.completion.rcp.processable.IntelligentCompletionProposalComputer.fireStartSession(IntelligentCompletionProposalComputer.java:229) [org.eclipse.recommenders.completion.rcp_2.1.9.v20140917-1240.jar:na]
	at org.eclipse.recommenders.completion.rcp.processable.IntelligentCompletionProposalComputer.computeCompletionProposals(IntelligentCompletionProposalComputer.java:131) [org.eclipse.recommenders.completion.rcp_2.1.9.v20140917-1240.jar:na]
	at org.eclipse.jdt.internal.ui.text.java.CompletionProposalComputerDescriptor.computeCompletionProposals(CompletionProposalComputerDescriptor.java:333) [org.eclipse.jdt.ui_3.10.1.v20140817-1500.jar:na]
	at org.eclipse.jdt.internal.ui.text.java.CompletionProposalCategory.computeCompletionProposals(CompletionProposalCategory.java:337) [org.eclipse.jdt.ui_3.10.1.v20140817-1500.jar:na]
	at org.eclipse.jdt.internal.ui.text.java.ContentAssistProcessor.collectProposals(ContentAssistProcessor.java:325) [org.eclipse.jdt.ui_3.10.1.v20140817-1500.jar:na]
	at org.eclipse.jdt.internal.ui.text.java.ContentAssistProcessor.computeCompletionProposals(ContentAssistProcessor.java:282) [org.eclipse.jdt.ui_3.10.1.v20140817-1500.jar:na]
	at org.eclipse.jface.text.contentassist.ContentAssistant.computeCompletionProposals(ContentAssistant.java:1861) [org.eclipse.jface.text_3.9.1.v20140827-1810.jar:na]
	at org.eclipse.jface.text.contentassist.CompletionProposalPopup.computeProposals(CompletionProposalPopup.java:573) [org.eclipse.jface.text_3.9.1.v20140827-1810.jar:na]
	at org.eclipse.jface.text.contentassist.CompletionProposalPopup.access$16(CompletionProposalPopup.java:570) [org.eclipse.jface.text_3.9.1.v20140827-1810.jar:na]
	at org.eclipse.jface.text.contentassist.CompletionProposalPopup$2.run(CompletionProposalPopup.java:505) [org.eclipse.jface.text_3.9.1.v20140827-1810.jar:na]
	at org.eclipse.swt.custom.BusyIndicator.showWhile(BusyIndicator.java:70) [org.eclipse.swt.win32.win32.x86_64_3.103.1.v20140903-1947.jar:na]
	at org.eclipse.jface.text.contentassist.CompletionProposalPopup.showProposals(CompletionProposalPopup.java:499) [org.eclipse.jface.text_3.9.1.v20140827-1810.jar:na]
	at org.eclipse.jface.text.contentassist.ContentAssistant$2.run(ContentAssistant.java:378) [org.eclipse.jface.text_3.9.1.v20140827-1810.jar:na]
	at org.eclipse.swt.widgets.RunnableLock.run(RunnableLock.java:35) [org.eclipse.swt.win32.win32.x86_64_3.103.1.v20140903-1947.jar:na]
	at org.eclipse.swt.widgets.Synchronizer.runAsyncMessages(Synchronizer.java:136) [org.eclipse.swt.win32.win32.x86_64_3.103.1.v20140903-1947.jar:na]
	at org.eclipse.swt.widgets.Display.runAsyncMessages(Display.java:4147) [org.eclipse.swt.win32.win32.x86_64_3.103.1.v20140903-1947.jar:na]
	at org.eclipse.swt.widgets.Display.readAndDispatch(Display.java:3764) [org.eclipse.swt.win32.win32.x86_64_3.103.1.v20140903-1947.jar:na]
	at org.eclipse.e4.ui.internal.workbench.swt.PartRenderingEngine$9.run(PartRenderingEngine.java:1151) [org.eclipse.e4.ui.workbench.swt_0.12.100.v20140530-1436.jar:na]
	at org.eclipse.core.databinding.observable.Realm.runWithDefault(Realm.java:332) [org.eclipse.core.databinding.observable_1.4.1.v20140210-1835.jar:na]
	at org.eclipse.e4.ui.internal.workbench.swt.PartRenderingEngine.run(PartRenderingEngine.java:1032) [org.eclipse.e4.ui.workbench.swt_0.12.100.v20140530-1436.jar:na]
	at org.eclipse.e4.ui.internal.workbench.E4Workbench.createAndRunUI(E4Workbench.java:148) [org.eclipse.e4.ui.workbench_1.2.1.v20140901-1244.jar:na]
	at org.eclipse.ui.internal.Workbench$5.run(Workbench.java:636) [org.eclipse.ui.workbench_3.106.1.v20140827-1737.jar:na]
	at org.eclipse.core.databinding.observable.Realm.runWithDefault(Realm.java:332) [org.eclipse.core.databinding.observable_1.4.1.v20140210-1835.jar:na]
	at org.eclipse.ui.internal.Workbench.createAndRunWorkbench(Workbench.java:579) [org.eclipse.ui.workbench_3.106.1.v20140827-1737.jar:na]
	at org.eclipse.ui.PlatformUI.createAndRunWorkbench(PlatformUI.java:150) [org.eclipse.ui.workbench_3.106.1.v20140827-1737.jar:na]
	at org.eclipse.ui.internal.ide.application.IDEApplication.start(IDEApplication.java:135) [org.eclipse.ui.ide.application_1.0.500.v20140514-2033.jar:na]
	at org.eclipse.equinox.internal.app.EclipseAppHandle.run(EclipseAppHandle.java:196) [org.eclipse.equinox.app_1.3.200.v20130910-1609.jar:na]
	at org.eclipse.core.runtime.internal.adaptor.EclipseAppLauncher.runApplication(EclipseAppLauncher.java:134) [org.eclipse.osgi_3.10.1.v20140909-1633.jar:na]
	at org.eclipse.core.runtime.internal.adaptor.EclipseAppLauncher.start(EclipseAppLauncher.java:104) [org.eclipse.osgi_3.10.1.v20140909-1633.jar:na]
	at org.eclipse.core.runtime.adaptor.EclipseStarter.run(EclipseStarter.java:380) [org.eclipse.osgi_3.10.1.v20140909-1633.jar:na]
	at org.eclipse.core.runtime.adaptor.EclipseStarter.run(EclipseStarter.java:235) [org.eclipse.osgi_3.10.1.v20140909-1633.jar:na]
	at sun.reflect.NativeMethodAccessorImpl.invoke0(Native Method) ~[na:1.8.0_25]
	at sun.reflect.NativeMethodAccessorImpl.invoke(Unknown Source) ~[na:1.8.0_25]
	at sun.reflect.DelegatingMethodAccessorImpl.invoke(Unknown Source) ~[na:1.8.0_25]
	at java.lang.reflect.Method.invoke(Unknown Source) ~[na:1.8.0_25]
	at org.eclipse.equinox.launcher.Main.invokeFramework(Main.java:648) [org.eclipse.equinox.launcher_1.3.0.v20140415-2008.jar:na]
	at org.eclipse.equinox.launcher.Main.basicRun(Main.java:603) [org.eclipse.equinox.launcher_1.3.0.v20140415-2008.jar:na]
	at org.eclipse.equinox.launcher.Main.run(Main.java:1465) [org.eclipse.equinox.launcher_1.3.0.v20140415-2008.jar:na]
	at org.eclipse.equinox.launcher.Main.main(Main.java:1438) [org.eclipse.equinox.launcher_1.3.0.v20140415-2008.jar:na]
Caused by: org.apache.commons.httpclient.ConnectTimeoutException: The host did not accept the connection within timeout of 3000 ms
	at org.apache.commons.httpclient.protocol.ReflectionSocketFactory.createSocket(ReflectionSocketFactory.java:155) ~[na:na]
	at org.apache.commons.httpclient.protocol.DefaultProtocolSocketFactory.createSocket(DefaultProtocolSocketFactory.java:125) ~[na:na]
	at org.apache.commons.httpclient.HttpConnection.open(HttpConnection.java:707) ~[org.apache.commons.httpclient_3.1.0.v201012070820.jar:na]
	at org.apache.commons.httpclient.MultiThreadedHttpConnectionManager$HttpConnectionAdapter.open(MultiThreadedHttpConnectionManager.java:1361) ~[org.apache.commons.httpclient_3.1.0.v201012070820.jar:na]
	at org.apache.commons.httpclient.HttpMethodDirector.executeWithRetry(HttpMethodDirector.java:387) ~[org.apache.commons.httpclient_3.1.0.v201012070820.jar:na]
	at org.apache.commons.httpclient.HttpMethodDirector.executeMethod(HttpMethodDirector.java:171) ~[org.apache.commons.httpclient_3.1.0.v201012070820.jar:na]
	at org.apache.commons.httpclient.HttpClient.executeMethod(HttpClient.java:397) ~[org.apache.commons.httpclient_3.1.0.v201012070820.jar:na]
	at org.apache.commons.httpclient.HttpClient.executeMethod(HttpClient.java:323) ~[org.apache.commons.httpclient_3.1.0.v201012070820.jar:na]
	at org.apache.solr.client.solrj.impl.CommonsHttpSolrServer.request(CommonsHttpSolrServer.java:424) ~[org.apache.solr.client.solrj_3.5.0.v20120530-0900.jar:na]
	... 62 common frames omitted
Caused by: java.net.SocketTimeoutException: connect timed out
	at java.net.DualStackPlainSocketImpl.waitForConnect(Native Method) ~[na:1.8.0_25]
	at java.net.DualStackPlainSocketImpl.socketConnect(Unknown Source) ~[na:1.8.0_25]
	at java.net.AbstractPlainSocketImpl.doConnect(Unknown Source) ~[na:1.8.0_25]
	at java.net.AbstractPlainSocketImpl.connectToAddress(Unknown Source) ~[na:1.8.0_25]
	at java.net.AbstractPlainSocketImpl.connect(Unknown Source) ~[na:1.8.0_25]
	at java.net.PlainSocketImpl.connect(Unknown Source) ~[na:1.8.0_25]
	at java.net.SocksSocketImpl.connect(Unknown Source) ~[na:1.8.0_25]
	at java.net.Socket.connect(Unknown Source) ~[na:1.8.0_25]
	at sun.reflect.NativeMethodAccessorImpl.invoke0(Native Method) ~[na:1.8.0_25]
	at sun.reflect.NativeMethodAccessorImpl.invoke(Unknown Source) ~[na:1.8.0_25]
	at sun.reflect.DelegatingMethodAccessorImpl.invoke(Unknown Source) ~[na:1.8.0_25]
	at java.lang.reflect.Method.invoke(Unknown Source) ~[na:1.8.0_25]
	at org.apache.commons.httpclient.protocol.ReflectionSocketFactory.createSocket(ReflectionSocketFactory.java:140) ~[na:na]
	... 70 common frames omitted
2015-06-02 21:17:48,057 [Start Help Server] INFO  org.eclipse.jetty.server.Server - jetty-8.1.16.v20140903
2015-06-02 21:17:48,337 [Start Help Server] INFO  o.e.jetty.server.AbstractConnector - Started SelectChannelConnector@127.0.0.1:49378
2015-06-04 12:49:58,441 [Worker-0] ERROR org.eclipse.jgit.util.FS - Caught exception in FS.readPipe()
java.io.IOException: Cannot run program "bash" (in directory "S:\"): CreateProcess error=267, The directory name is invalid
	at java.lang.ProcessBuilder.start(Unknown Source) ~[na:1.8.0_25]
	at java.lang.Runtime.exec(Unknown Source) ~[na:1.8.0_25]
	at org.eclipse.jgit.util.FS.readPipe(FS.java:431) [org.eclipse.jgit_3.7.1.201504261725-r.jar:3.7.1.201504261725-r]
	at org.eclipse.jgit.util.FS_Win32.discoverGitPrefix(FS_Win32.java:113) [org.eclipse.jgit_3.7.1.201504261725-r.jar:3.7.1.201504261725-r]
	at org.eclipse.jgit.util.FS.gitPrefix(FS.java:517) [org.eclipse.jgit_3.7.1.201504261725-r.jar:3.7.1.201504261725-r]
	at org.eclipse.jgit.util.SystemReader$Default.openSystemConfig(SystemReader.java:92) [org.eclipse.jgit_3.7.1.201504261725-r.jar:3.7.1.201504261725-r]
	at org.eclipse.jgit.internal.storage.file.FileRepository.<init>(FileRepository.java:171) [org.eclipse.jgit_3.7.1.201504261725-r.jar:3.7.1.201504261725-r]
	at org.eclipse.jgit.storage.file.FileRepositoryBuilder.build(FileRepositoryBuilder.java:92) [org.eclipse.jgit_3.7.1.201504261725-r.jar:3.7.1.201504261725-r]
	at org.eclipse.jgit.storage.file.FileRepositoryBuilder.create(FileRepositoryBuilder.java:110) [org.eclipse.jgit_3.7.1.201504261725-r.jar:3.7.1.201504261725-r]
	at org.eclipse.egit.core.RepositoryCache.lookupRepository(RepositoryCache.java:55) [org.eclipse.egit.core_3.7.1.201504261725-r.jar:na]
	at org.eclipse.egit.core.project.GitProjectData.map(GitProjectData.java:503) [org.eclipse.egit.core_3.7.1.201504261725-r.jar:na]
	at org.eclipse.egit.core.project.GitProjectData.remapAll(GitProjectData.java:471) [org.eclipse.egit.core_3.7.1.201504261725-r.jar:na]
	at org.eclipse.egit.core.project.GitProjectData.load(GitProjectData.java:464) [org.eclipse.egit.core_3.7.1.201504261725-r.jar:na]
	at org.eclipse.egit.core.project.GitProjectData.get(GitProjectData.java:204) [org.eclipse.egit.core_3.7.1.201504261725-r.jar:na]
	at org.eclipse.egit.core.GitProvider.getData(GitProvider.java:86) [org.eclipse.egit.core_3.7.1.201504261725-r.jar:na]
	at org.eclipse.egit.core.project.RepositoryMapping.getMapping(RepositoryMapping.java:318) [org.eclipse.egit.core_3.7.1.201504261725-r.jar:na]
	at org.eclipse.egit.core.Activator$IgnoreDerivedResources$1.visit(Activator.java:437) [org.eclipse.egit.core_3.7.1.201504261725-r.jar:na]
	at org.eclipse.core.internal.events.ResourceDelta.accept(ResourceDelta.java:69) [org.eclipse.core.resources_3.9.1.v20140825-1431.jar:na]
	at org.eclipse.core.internal.events.ResourceDelta.accept(ResourceDelta.java:80) [org.eclipse.core.resources_3.9.1.v20140825-1431.jar:na]
	at org.eclipse.core.internal.events.ResourceDelta.accept(ResourceDelta.java:49) [org.eclipse.core.resources_3.9.1.v20140825-1431.jar:na]
	at org.eclipse.egit.core.Activator$IgnoreDerivedResources.resourceChanged(Activator.java:422) [org.eclipse.egit.core_3.7.1.201504261725-r.jar:na]
	at org.eclipse.core.internal.events.NotificationManager$1.run(NotificationManager.java:291) [org.eclipse.core.resources_3.9.1.v20140825-1431.jar:na]
	at org.eclipse.core.runtime.SafeRunner.run(SafeRunner.java:42) [org.eclipse.equinox.common_3.6.200.v20130402-1505.jar:na]
	at org.eclipse.core.internal.events.NotificationManager.notify(NotificationManager.java:285) [org.eclipse.core.resources_3.9.1.v20140825-1431.jar:na]
	at org.eclipse.core.internal.events.NotificationManager.broadcastChanges(NotificationManager.java:149) [org.eclipse.core.resources_3.9.1.v20140825-1431.jar:na]
	at org.eclipse.core.internal.resources.Workspace.broadcastPostChange(Workspace.java:378) [org.eclipse.core.resources_3.9.1.v20140825-1431.jar:na]
	at org.eclipse.core.internal.resources.Workspace.endOperation(Workspace.java:1498) [org.eclipse.core.resources_3.9.1.v20140825-1431.jar:na]
	at org.eclipse.core.internal.resources.Resource.refreshLocal(Resource.java:1718) [org.eclipse.core.resources_3.9.1.v20140825-1431.jar:na]
	at org.eclipse.core.internal.refresh.RefreshJob.runInWorkspace(RefreshJob.java:167) [org.eclipse.core.resources_3.9.1.v20140825-1431.jar:na]
	at org.eclipse.core.internal.resources.InternalWorkspaceJob.run(InternalWorkspaceJob.java:38) [org.eclipse.core.resources_3.9.1.v20140825-1431.jar:na]
	at org.eclipse.core.internal.jobs.Worker.run(Worker.java:54) [org.eclipse.core.jobs_3.6.1.v20141014-1248.jar:na]
Caused by: java.io.IOException: CreateProcess error=267, The directory name is invalid
	at java.lang.ProcessImpl.create(Native Method) ~[na:1.8.0_25]
	at java.lang.ProcessImpl.<init>(Unknown Source) ~[na:1.8.0_25]
	at java.lang.ProcessImpl.start(Unknown Source) ~[na:1.8.0_25]
	... 31 common frames omitted
2015-06-04 12:59:31,867 [main] ERROR org.eclipse.jgit.util.FS - Caught exception in FS.readPipe()
java.io.IOException: Cannot run program "bash" (in directory "S:\"): CreateProcess error=267, The directory name is invalid
	at java.lang.ProcessBuilder.start(Unknown Source) ~[na:1.8.0_25]
	at java.lang.Runtime.exec(Unknown Source) ~[na:1.8.0_25]
	at org.eclipse.jgit.util.FS.readPipe(FS.java:431) [org.eclipse.jgit_3.7.1.201504261725-r.jar:3.7.1.201504261725-r]
	at org.eclipse.jgit.util.FS_Win32.discoverGitPrefix(FS_Win32.java:113) [org.eclipse.jgit_3.7.1.201504261725-r.jar:3.7.1.201504261725-r]
	at org.eclipse.jgit.util.FS.gitPrefix(FS.java:517) [org.eclipse.jgit_3.7.1.201504261725-r.jar:3.7.1.201504261725-r]
	at org.eclipse.jgit.util.SystemReader$Default.openSystemConfig(SystemReader.java:92) [org.eclipse.jgit_3.7.1.201504261725-r.jar:3.7.1.201504261725-r]
	at org.eclipse.jgit.internal.storage.file.FileRepository.<init>(FileRepository.java:171) [org.eclipse.jgit_3.7.1.201504261725-r.jar:3.7.1.201504261725-r]
	at org.eclipse.jgit.storage.file.FileRepositoryBuilder.build(FileRepositoryBuilder.java:92) [org.eclipse.jgit_3.7.1.201504261725-r.jar:3.7.1.201504261725-r]
	at org.eclipse.jgit.storage.file.FileRepositoryBuilder.create(FileRepositoryBuilder.java:110) [org.eclipse.jgit_3.7.1.201504261725-r.jar:3.7.1.201504261725-r]
	at org.eclipse.egit.core.RepositoryCache.lookupRepository(RepositoryCache.java:55) [org.eclipse.egit.core_3.7.1.201504261725-r.jar:na]
	at org.eclipse.egit.core.project.GitProjectData.map(GitProjectData.java:503) [org.eclipse.egit.core_3.7.1.201504261725-r.jar:na]
	at org.eclipse.egit.core.project.GitProjectData.remapAll(GitProjectData.java:471) [org.eclipse.egit.core_3.7.1.201504261725-r.jar:na]
	at org.eclipse.egit.core.project.GitProjectData.load(GitProjectData.java:464) [org.eclipse.egit.core_3.7.1.201504261725-r.jar:na]
	at org.eclipse.egit.core.project.GitProjectData.get(GitProjectData.java:204) [org.eclipse.egit.core_3.7.1.201504261725-r.jar:na]
	at org.eclipse.egit.core.GitProvider.getData(GitProvider.java:86) [org.eclipse.egit.core_3.7.1.201504261725-r.jar:na]
	at org.eclipse.egit.core.project.RepositoryMapping.getMapping(RepositoryMapping.java:318) [org.eclipse.egit.core_3.7.1.201504261725-r.jar:na]
	at org.eclipse.egit.ui.internal.actions.RepositoryActionHandler.getProjectsInRepositoryOfSelectedResources(RepositoryActionHandler.java:201) [org.eclipse.egit.ui_3.7.1.201504261725-r.jar:na]
	at org.eclipse.egit.ui.internal.actions.RepositoryActionHandler.getProjectsInRepositoryOfSelectedResources(RepositoryActionHandler.java:183) [org.eclipse.egit.ui_3.7.1.201504261725-r.jar:na]
	at org.eclipse.egit.ui.internal.actions.AddToIndexActionHandler.isEnabled(AddToIndexActionHandler.java:80) [org.eclipse.egit.ui_3.7.1.201504261725-r.jar:na]
	at org.eclipse.ui.internal.handlers.HandlerProxy.isEnabled(HandlerProxy.java:322) [org.eclipse.ui.workbench_3.106.2.v20150204-1030.jar:na]
	at org.eclipse.ui.internal.handlers.E4HandlerProxy.canExecute(E4HandlerProxy.java:73) [org.eclipse.ui.workbench_3.106.2.v20150204-1030.jar:na]
	at sun.reflect.GeneratedMethodAccessor6.invoke(Unknown Source) ~[na:na]
	at sun.reflect.DelegatingMethodAccessorImpl.invoke(Unknown Source) ~[na:1.8.0_25]
	at java.lang.reflect.Method.invoke(Unknown Source) ~[na:1.8.0_25]
	at org.eclipse.e4.core.internal.di.MethodRequestor.execute(MethodRequestor.java:55) [org.eclipse.e4.core.di_1.4.0.v20140414-1837.jar:na]
	at org.eclipse.e4.core.internal.di.InjectorImpl.invokeUsingClass(InjectorImpl.java:247) [org.eclipse.e4.core.di_1.4.0.v20140414-1837.jar:na]
	at org.eclipse.e4.core.internal.di.InjectorImpl.invoke(InjectorImpl.java:229) [org.eclipse.e4.core.di_1.4.0.v20140414-1837.jar:na]
	at org.eclipse.e4.core.contexts.ContextInjectionFactory.invoke(ContextInjectionFactory.java:132) [org.eclipse.e4.core.contexts_1.3.100.v20140407-1019.jar:na]
	at org.eclipse.e4.core.commands.internal.HandlerServiceHandler.isEnabled(HandlerServiceHandler.java:55) [org.eclipse.e4.core.commands_0.10.2.v20140424-2344.jar:na]
	at org.eclipse.core.commands.Command.isEnabled(Command.java:862) [org.eclipse.core.commands_3.6.100.v20140528-1422.jar:na]
	at org.eclipse.ui.internal.handlers.LegacyHandlerService.registerLegacyHandler(LegacyHandlerService.java:159) [org.eclipse.ui.workbench_3.106.2.v20150204-1030.jar:na]
	at org.eclipse.ui.internal.handlers.LegacyHandlerService.readHandlers(LegacyHandlerService.java:598) [org.eclipse.ui.workbench_3.106.2.v20150204-1030.jar:na]
	at org.eclipse.ui.internal.handlers.LegacyHandlerService.readRegistry(LegacyHandlerService.java:539) [org.eclipse.ui.workbench_3.106.2.v20150204-1030.jar:na]
	at org.eclipse.ui.internal.Workbench$49.runWithException(Workbench.java:2443) [org.eclipse.ui.workbench_3.106.2.v20150204-1030.jar:na]
	at org.eclipse.ui.internal.StartupThreading$StartupRunnable.run(StartupThreading.java:32) [org.eclipse.ui.workbench_3.106.2.v20150204-1030.jar:na]
	at org.eclipse.swt.widgets.RunnableLock.run(RunnableLock.java:35) [org.eclipse.swt.win32.win32.x86_64_3.103.2.v20150203-1351.jar:na]
	at org.eclipse.swt.widgets.Synchronizer.runAsyncMessages(Synchronizer.java:136) [org.eclipse.swt.win32.win32.x86_64_3.103.2.v20150203-1351.jar:na]
	at org.eclipse.swt.widgets.Display.runAsyncMessages(Display.java:4147) [org.eclipse.swt.win32.win32.x86_64_3.103.2.v20150203-1351.jar:na]
	at org.eclipse.swt.widgets.Display.readAndDispatch(Display.java:3764) [org.eclipse.swt.win32.win32.x86_64_3.103.2.v20150203-1351.jar:na]
	at org.eclipse.ui.internal.Workbench.runUI(Workbench.java:2897) [org.eclipse.ui.workbench_3.106.2.v20150204-1030.jar:na]
	at org.eclipse.ui.internal.Workbench.access$8(Workbench.java:2797) [org.eclipse.ui.workbench_3.106.2.v20150204-1030.jar:na]
	at org.eclipse.ui.internal.Workbench$5.run(Workbench.java:633) [org.eclipse.ui.workbench_3.106.2.v20150204-1030.jar:na]
	at org.eclipse.core.databinding.observable.Realm.runWithDefault(Realm.java:332) [org.eclipse.core.databinding.observable_1.4.1.v20140210-1835.jar:na]
	at org.eclipse.ui.internal.Workbench.createAndRunWorkbench(Workbench.java:579) [org.eclipse.ui.workbench_3.106.2.v20150204-1030.jar:na]
	at org.eclipse.ui.PlatformUI.createAndRunWorkbench(PlatformUI.java:150) [org.eclipse.ui.workbench_3.106.2.v20150204-1030.jar:na]
	at org.eclipse.ui.internal.ide.application.IDEApplication.start(IDEApplication.java:135) [org.eclipse.ui.ide.application_1.0.501.v20141111-1238.jar:na]
	at org.eclipse.equinox.internal.app.EclipseAppHandle.run(EclipseAppHandle.java:196) [org.eclipse.equinox.app_1.3.200.v20130910-1609.jar:na]
	at org.eclipse.core.runtime.internal.adaptor.EclipseAppLauncher.runApplication(EclipseAppLauncher.java:134) [org.eclipse.osgi_3.10.2.v20150203-1939.jar:na]
	at org.eclipse.core.runtime.internal.adaptor.EclipseAppLauncher.start(EclipseAppLauncher.java:104) [org.eclipse.osgi_3.10.2.v20150203-1939.jar:na]
	at org.eclipse.core.runtime.adaptor.EclipseStarter.run(EclipseStarter.java:380) [org.eclipse.osgi_3.10.2.v20150203-1939.jar:na]
	at org.eclipse.core.runtime.adaptor.EclipseStarter.run(EclipseStarter.java:235) [org.eclipse.osgi_3.10.2.v20150203-1939.jar:na]
	at sun.reflect.NativeMethodAccessorImpl.invoke0(Native Method) ~[na:1.8.0_25]
	at sun.reflect.NativeMethodAccessorImpl.invoke(Unknown Source) ~[na:1.8.0_25]
	at sun.reflect.DelegatingMethodAccessorImpl.invoke(Unknown Source) ~[na:1.8.0_25]
	at java.lang.reflect.Method.invoke(Unknown Source) ~[na:1.8.0_25]
	at org.eclipse.equinox.launcher.Main.invokeFramework(Main.java:648) [org.eclipse.equinox.launcher_1.3.0.v20140415-2008.jar:na]
	at org.eclipse.equinox.launcher.Main.basicRun(Main.java:603) [org.eclipse.equinox.launcher_1.3.0.v20140415-2008.jar:na]
	at org.eclipse.equinox.launcher.Main.run(Main.java:1465) [org.eclipse.equinox.launcher_1.3.0.v20140415-2008.jar:na]
	at org.eclipse.equinox.launcher.Main.main(Main.java:1438) [org.eclipse.equinox.launcher_1.3.0.v20140415-2008.jar:na]
Caused by: java.io.IOException: CreateProcess error=267, The directory name is invalid
	at java.lang.ProcessImpl.create(Native Method) ~[na:1.8.0_25]
	at java.lang.ProcessImpl.<init>(Unknown Source) ~[na:1.8.0_25]
	at java.lang.ProcessImpl.start(Unknown Source) ~[na:1.8.0_25]
	... 59 common frames omitted
2015-06-04 21:45:51,897 [main] ERROR org.eclipse.jgit.util.FS - Caught exception in FS.readPipe()
java.io.IOException: Cannot run program "bash" (in directory "S:\"): CreateProcess error=267, The directory name is invalid
	at java.lang.ProcessBuilder.start(Unknown Source) ~[na:1.8.0_25]
	at java.lang.Runtime.exec(Unknown Source) ~[na:1.8.0_25]
	at org.eclipse.jgit.util.FS.readPipe(FS.java:431) [org.eclipse.jgit_3.7.1.201504261725-r.jar:3.7.1.201504261725-r]
	at org.eclipse.jgit.util.FS_Win32.discoverGitPrefix(FS_Win32.java:113) [org.eclipse.jgit_3.7.1.201504261725-r.jar:3.7.1.201504261725-r]
	at org.eclipse.jgit.util.FS.gitPrefix(FS.java:517) [org.eclipse.jgit_3.7.1.201504261725-r.jar:3.7.1.201504261725-r]
	at org.eclipse.jgit.util.SystemReader$Default.openSystemConfig(SystemReader.java:92) [org.eclipse.jgit_3.7.1.201504261725-r.jar:3.7.1.201504261725-r]
	at org.eclipse.jgit.internal.storage.file.FileRepository.<init>(FileRepository.java:171) [org.eclipse.jgit_3.7.1.201504261725-r.jar:3.7.1.201504261725-r]
	at org.eclipse.jgit.storage.file.FileRepositoryBuilder.build(FileRepositoryBuilder.java:92) [org.eclipse.jgit_3.7.1.201504261725-r.jar:3.7.1.201504261725-r]
	at org.eclipse.jgit.storage.file.FileRepositoryBuilder.create(FileRepositoryBuilder.java:110) [org.eclipse.jgit_3.7.1.201504261725-r.jar:3.7.1.201504261725-r]
	at org.eclipse.egit.core.RepositoryCache.lookupRepository(RepositoryCache.java:55) [org.eclipse.egit.core_3.7.1.201504261725-r.jar:na]
	at org.eclipse.egit.core.project.GitProjectData.map(GitProjectData.java:503) [org.eclipse.egit.core_3.7.1.201504261725-r.jar:na]
	at org.eclipse.egit.core.project.GitProjectData.remapAll(GitProjectData.java:471) [org.eclipse.egit.core_3.7.1.201504261725-r.jar:na]
	at org.eclipse.egit.core.project.GitProjectData.load(GitProjectData.java:464) [org.eclipse.egit.core_3.7.1.201504261725-r.jar:na]
	at org.eclipse.egit.core.project.GitProjectData.get(GitProjectData.java:204) [org.eclipse.egit.core_3.7.1.201504261725-r.jar:na]
	at org.eclipse.egit.core.GitProvider.getData(GitProvider.java:86) [org.eclipse.egit.core_3.7.1.201504261725-r.jar:na]
	at org.eclipse.egit.core.project.RepositoryMapping.getMapping(RepositoryMapping.java:318) [org.eclipse.egit.core_3.7.1.201504261725-r.jar:na]
	at org.eclipse.egit.ui.internal.actions.RepositoryActionHandler.getProjectsInRepositoryOfSelectedResources(RepositoryActionHandler.java:201) [org.eclipse.egit.ui_3.7.1.201504261725-r.jar:na]
	at org.eclipse.egit.ui.internal.actions.RepositoryActionHandler.getProjectsInRepositoryOfSelectedResources(RepositoryActionHandler.java:183) [org.eclipse.egit.ui_3.7.1.201504261725-r.jar:na]
	at org.eclipse.egit.ui.internal.actions.AddToIndexActionHandler.isEnabled(AddToIndexActionHandler.java:80) [org.eclipse.egit.ui_3.7.1.201504261725-r.jar:na]
	at org.eclipse.ui.internal.handlers.HandlerProxy.isEnabled(HandlerProxy.java:322) [org.eclipse.ui.workbench_3.106.2.v20150204-1030.jar:na]
	at org.eclipse.ui.internal.handlers.E4HandlerProxy.canExecute(E4HandlerProxy.java:73) [org.eclipse.ui.workbench_3.106.2.v20150204-1030.jar:na]
	at sun.reflect.GeneratedMethodAccessor6.invoke(Unknown Source) ~[na:na]
	at sun.reflect.DelegatingMethodAccessorImpl.invoke(Unknown Source) ~[na:1.8.0_25]
	at java.lang.reflect.Method.invoke(Unknown Source) ~[na:1.8.0_25]
	at org.eclipse.e4.core.internal.di.MethodRequestor.execute(MethodRequestor.java:55) [org.eclipse.e4.core.di_1.4.0.v20140414-1837.jar:na]
	at org.eclipse.e4.core.internal.di.InjectorImpl.invokeUsingClass(InjectorImpl.java:247) [org.eclipse.e4.core.di_1.4.0.v20140414-1837.jar:na]
	at org.eclipse.e4.core.internal.di.InjectorImpl.invoke(InjectorImpl.java:229) [org.eclipse.e4.core.di_1.4.0.v20140414-1837.jar:na]
	at org.eclipse.e4.core.contexts.ContextInjectionFactory.invoke(ContextInjectionFactory.java:132) [org.eclipse.e4.core.contexts_1.3.100.v20140407-1019.jar:na]
	at org.eclipse.e4.core.commands.internal.HandlerServiceHandler.isEnabled(HandlerServiceHandler.java:55) [org.eclipse.e4.core.commands_0.10.2.v20140424-2344.jar:na]
	at org.eclipse.core.commands.Command.isEnabled(Command.java:862) [org.eclipse.core.commands_3.6.100.v20140528-1422.jar:na]
	at org.eclipse.ui.internal.handlers.LegacyHandlerService.registerLegacyHandler(LegacyHandlerService.java:159) [org.eclipse.ui.workbench_3.106.2.v20150204-1030.jar:na]
	at org.eclipse.ui.internal.handlers.LegacyHandlerService.readHandlers(LegacyHandlerService.java:598) [org.eclipse.ui.workbench_3.106.2.v20150204-1030.jar:na]
	at org.eclipse.ui.internal.handlers.LegacyHandlerService.readRegistry(LegacyHandlerService.java:539) [org.eclipse.ui.workbench_3.106.2.v20150204-1030.jar:na]
	at org.eclipse.ui.internal.Workbench$49.runWithException(Workbench.java:2443) [org.eclipse.ui.workbench_3.106.2.v20150204-1030.jar:na]
	at org.eclipse.ui.internal.StartupThreading$StartupRunnable.run(StartupThreading.java:32) [org.eclipse.ui.workbench_3.106.2.v20150204-1030.jar:na]
	at org.eclipse.swt.widgets.RunnableLock.run(RunnableLock.java:35) [org.eclipse.swt.win32.win32.x86_64_3.103.2.v20150203-1351.jar:na]
	at org.eclipse.swt.widgets.Synchronizer.runAsyncMessages(Synchronizer.java:136) [org.eclipse.swt.win32.win32.x86_64_3.103.2.v20150203-1351.jar:na]
	at org.eclipse.swt.widgets.Display.runAsyncMessages(Display.java:4147) [org.eclipse.swt.win32.win32.x86_64_3.103.2.v20150203-1351.jar:na]
	at org.eclipse.swt.widgets.Display.readAndDispatch(Display.java:3764) [org.eclipse.swt.win32.win32.x86_64_3.103.2.v20150203-1351.jar:na]
	at org.eclipse.ui.internal.Workbench.runUI(Workbench.java:2897) [org.eclipse.ui.workbench_3.106.2.v20150204-1030.jar:na]
	at org.eclipse.ui.internal.Workbench.access$8(Workbench.java:2797) [org.eclipse.ui.workbench_3.106.2.v20150204-1030.jar:na]
	at org.eclipse.ui.internal.Workbench$5.run(Workbench.java:633) [org.eclipse.ui.workbench_3.106.2.v20150204-1030.jar:na]
	at org.eclipse.core.databinding.observable.Realm.runWithDefault(Realm.java:332) [org.eclipse.core.databinding.observable_1.4.1.v20140210-1835.jar:na]
	at org.eclipse.ui.internal.Workbench.createAndRunWorkbench(Workbench.java:579) [org.eclipse.ui.workbench_3.106.2.v20150204-1030.jar:na]
	at org.eclipse.ui.PlatformUI.createAndRunWorkbench(PlatformUI.java:150) [org.eclipse.ui.workbench_3.106.2.v20150204-1030.jar:na]
	at org.eclipse.ui.internal.ide.application.IDEApplication.start(IDEApplication.java:135) [org.eclipse.ui.ide.application_1.0.501.v20141111-1238.jar:na]
	at org.eclipse.equinox.internal.app.EclipseAppHandle.run(EclipseAppHandle.java:196) [org.eclipse.equinox.app_1.3.200.v20130910-1609.jar:na]
	at org.eclipse.core.runtime.internal.adaptor.EclipseAppLauncher.runApplication(EclipseAppLauncher.java:134) [org.eclipse.osgi_3.10.2.v20150203-1939.jar:na]
	at org.eclipse.core.runtime.internal.adaptor.EclipseAppLauncher.start(EclipseAppLauncher.java:104) [org.eclipse.osgi_3.10.2.v20150203-1939.jar:na]
	at org.eclipse.core.runtime.adaptor.EclipseStarter.run(EclipseStarter.java:380) [org.eclipse.osgi_3.10.2.v20150203-1939.jar:na]
	at org.eclipse.core.runtime.adaptor.EclipseStarter.run(EclipseStarter.java:235) [org.eclipse.osgi_3.10.2.v20150203-1939.jar:na]
	at sun.reflect.NativeMethodAccessorImpl.invoke0(Native Method) ~[na:1.8.0_25]
	at sun.reflect.NativeMethodAccessorImpl.invoke(Unknown Source) ~[na:1.8.0_25]
	at sun.reflect.DelegatingMethodAccessorImpl.invoke(Unknown Source) ~[na:1.8.0_25]
	at java.lang.reflect.Method.invoke(Unknown Source) ~[na:1.8.0_25]
	at org.eclipse.equinox.launcher.Main.invokeFramework(Main.java:648) [org.eclipse.equinox.launcher_1.3.0.v20140415-2008.jar:na]
	at org.eclipse.equinox.launcher.Main.basicRun(Main.java:603) [org.eclipse.equinox.launcher_1.3.0.v20140415-2008.jar:na]
	at org.eclipse.equinox.launcher.Main.run(Main.java:1465) [org.eclipse.equinox.launcher_1.3.0.v20140415-2008.jar:na]
	at org.eclipse.equinox.launcher.Main.main(Main.java:1438) [org.eclipse.equinox.launcher_1.3.0.v20140415-2008.jar:na]
Caused by: java.io.IOException: CreateProcess error=267, The directory name is invalid
	at java.lang.ProcessImpl.create(Native Method) ~[na:1.8.0_25]
	at java.lang.ProcessImpl.<init>(Unknown Source) ~[na:1.8.0_25]
	at java.lang.ProcessImpl.start(Unknown Source) ~[na:1.8.0_25]
	... 59 common frames omitted
2015-06-05 17:05:08,039 [main] ERROR org.eclipse.jgit.util.FS - Caught exception in FS.readPipe()
java.io.IOException: Cannot run program "bash" (in directory "S:\"): CreateProcess error=2, The system cannot find the file specified
	at java.lang.ProcessBuilder.start(Unknown Source) ~[na:1.8.0_25]
	at java.lang.Runtime.exec(Unknown Source) ~[na:1.8.0_25]
	at org.eclipse.jgit.util.FS.readPipe(FS.java:431) [org.eclipse.jgit_3.7.1.201504261725-r.jar:3.7.1.201504261725-r]
	at org.eclipse.jgit.util.FS_Win32.discoverGitPrefix(FS_Win32.java:113) [org.eclipse.jgit_3.7.1.201504261725-r.jar:3.7.1.201504261725-r]
	at org.eclipse.jgit.util.FS.gitPrefix(FS.java:517) [org.eclipse.jgit_3.7.1.201504261725-r.jar:3.7.1.201504261725-r]
	at org.eclipse.jgit.util.SystemReader$Default.openSystemConfig(SystemReader.java:92) [org.eclipse.jgit_3.7.1.201504261725-r.jar:3.7.1.201504261725-r]
	at org.eclipse.jgit.internal.storage.file.FileRepository.<init>(FileRepository.java:171) [org.eclipse.jgit_3.7.1.201504261725-r.jar:3.7.1.201504261725-r]
	at org.eclipse.jgit.storage.file.FileRepositoryBuilder.build(FileRepositoryBuilder.java:92) [org.eclipse.jgit_3.7.1.201504261725-r.jar:3.7.1.201504261725-r]
	at org.eclipse.jgit.storage.file.FileRepositoryBuilder.create(FileRepositoryBuilder.java:110) [org.eclipse.jgit_3.7.1.201504261725-r.jar:3.7.1.201504261725-r]
	at org.eclipse.egit.core.RepositoryCache.lookupRepository(RepositoryCache.java:55) [org.eclipse.egit.core_3.7.1.201504261725-r.jar:na]
	at org.eclipse.egit.core.project.GitProjectData.map(GitProjectData.java:503) [org.eclipse.egit.core_3.7.1.201504261725-r.jar:na]
	at org.eclipse.egit.core.project.GitProjectData.remapAll(GitProjectData.java:471) [org.eclipse.egit.core_3.7.1.201504261725-r.jar:na]
	at org.eclipse.egit.core.project.GitProjectData.load(GitProjectData.java:464) [org.eclipse.egit.core_3.7.1.201504261725-r.jar:na]
	at org.eclipse.egit.core.project.GitProjectData.get(GitProjectData.java:204) [org.eclipse.egit.core_3.7.1.201504261725-r.jar:na]
	at org.eclipse.egit.core.GitProvider.getData(GitProvider.java:86) [org.eclipse.egit.core_3.7.1.201504261725-r.jar:na]
	at org.eclipse.egit.core.project.RepositoryMapping.getMapping(RepositoryMapping.java:318) [org.eclipse.egit.core_3.7.1.201504261725-r.jar:na]
	at org.eclipse.egit.ui.internal.actions.RepositoryActionHandler.getProjectsInRepositoryOfSelectedResources(RepositoryActionHandler.java:201) [org.eclipse.egit.ui_3.7.1.201504261725-r.jar:na]
	at org.eclipse.egit.ui.internal.actions.RepositoryActionHandler.getProjectsInRepositoryOfSelectedResources(RepositoryActionHandler.java:183) [org.eclipse.egit.ui_3.7.1.201504261725-r.jar:na]
	at org.eclipse.egit.ui.internal.actions.AddToIndexActionHandler.isEnabled(AddToIndexActionHandler.java:80) [org.eclipse.egit.ui_3.7.1.201504261725-r.jar:na]
	at org.eclipse.ui.internal.handlers.HandlerProxy.isEnabled(HandlerProxy.java:322) [org.eclipse.ui.workbench_3.106.2.v20150204-1030.jar:na]
	at org.eclipse.ui.internal.handlers.E4HandlerProxy.canExecute(E4HandlerProxy.java:73) [org.eclipse.ui.workbench_3.106.2.v20150204-1030.jar:na]
	at sun.reflect.GeneratedMethodAccessor5.invoke(Unknown Source) ~[na:na]
	at sun.reflect.DelegatingMethodAccessorImpl.invoke(Unknown Source) ~[na:1.8.0_25]
	at java.lang.reflect.Method.invoke(Unknown Source) ~[na:1.8.0_25]
	at org.eclipse.e4.core.internal.di.MethodRequestor.execute(MethodRequestor.java:55) [org.eclipse.e4.core.di_1.4.0.v20140414-1837.jar:na]
	at org.eclipse.e4.core.internal.di.InjectorImpl.invokeUsingClass(InjectorImpl.java:247) [org.eclipse.e4.core.di_1.4.0.v20140414-1837.jar:na]
	at org.eclipse.e4.core.internal.di.InjectorImpl.invoke(InjectorImpl.java:229) [org.eclipse.e4.core.di_1.4.0.v20140414-1837.jar:na]
	at org.eclipse.e4.core.contexts.ContextInjectionFactory.invoke(ContextInjectionFactory.java:132) [org.eclipse.e4.core.contexts_1.3.100.v20140407-1019.jar:na]
	at org.eclipse.e4.core.commands.internal.HandlerServiceHandler.isEnabled(HandlerServiceHandler.java:55) [org.eclipse.e4.core.commands_0.10.2.v20140424-2344.jar:na]
	at org.eclipse.core.commands.Command.isEnabled(Command.java:862) [org.eclipse.core.commands_3.6.100.v20140528-1422.jar:na]
	at org.eclipse.ui.internal.handlers.LegacyHandlerService.registerLegacyHandler(LegacyHandlerService.java:159) [org.eclipse.ui.workbench_3.106.2.v20150204-1030.jar:na]
	at org.eclipse.ui.internal.handlers.LegacyHandlerService.readHandlers(LegacyHandlerService.java:598) [org.eclipse.ui.workbench_3.106.2.v20150204-1030.jar:na]
	at org.eclipse.ui.internal.handlers.LegacyHandlerService.readRegistry(LegacyHandlerService.java:539) [org.eclipse.ui.workbench_3.106.2.v20150204-1030.jar:na]
	at org.eclipse.ui.internal.Workbench$49.runWithException(Workbench.java:2443) [org.eclipse.ui.workbench_3.106.2.v20150204-1030.jar:na]
	at org.eclipse.ui.internal.StartupThreading$StartupRunnable.run(StartupThreading.java:32) [org.eclipse.ui.workbench_3.106.2.v20150204-1030.jar:na]
	at org.eclipse.swt.widgets.RunnableLock.run(RunnableLock.java:35) [org.eclipse.swt.win32.win32.x86_64_3.103.2.v20150203-1351.jar:na]
	at org.eclipse.swt.widgets.Synchronizer.runAsyncMessages(Synchronizer.java:136) [org.eclipse.swt.win32.win32.x86_64_3.103.2.v20150203-1351.jar:na]
	at org.eclipse.swt.widgets.Display.runAsyncMessages(Display.java:4147) [org.eclipse.swt.win32.win32.x86_64_3.103.2.v20150203-1351.jar:na]
	at org.eclipse.swt.widgets.Display.readAndDispatch(Display.java:3764) [org.eclipse.swt.win32.win32.x86_64_3.103.2.v20150203-1351.jar:na]
	at org.eclipse.ui.internal.Workbench.runUI(Workbench.java:2897) [org.eclipse.ui.workbench_3.106.2.v20150204-1030.jar:na]
	at org.eclipse.ui.internal.Workbench.access$8(Workbench.java:2797) [org.eclipse.ui.workbench_3.106.2.v20150204-1030.jar:na]
	at org.eclipse.ui.internal.Workbench$5.run(Workbench.java:633) [org.eclipse.ui.workbench_3.106.2.v20150204-1030.jar:na]
	at org.eclipse.core.databinding.observable.Realm.runWithDefault(Realm.java:332) [org.eclipse.core.databinding.observable_1.4.1.v20140210-1835.jar:na]
	at org.eclipse.ui.internal.Workbench.createAndRunWorkbench(Workbench.java:579) [org.eclipse.ui.workbench_3.106.2.v20150204-1030.jar:na]
	at org.eclipse.ui.PlatformUI.createAndRunWorkbench(PlatformUI.java:150) [org.eclipse.ui.workbench_3.106.2.v20150204-1030.jar:na]
	at org.eclipse.ui.internal.ide.application.IDEApplication.start(IDEApplication.java:135) [org.eclipse.ui.ide.application_1.0.501.v20141111-1238.jar:na]
	at org.eclipse.equinox.internal.app.EclipseAppHandle.run(EclipseAppHandle.java:196) [org.eclipse.equinox.app_1.3.200.v20130910-1609.jar:na]
	at org.eclipse.core.runtime.internal.adaptor.EclipseAppLauncher.runApplication(EclipseAppLauncher.java:134) [org.eclipse.osgi_3.10.2.v20150203-1939.jar:na]
	at org.eclipse.core.runtime.internal.adaptor.EclipseAppLauncher.start(EclipseAppLauncher.java:104) [org.eclipse.osgi_3.10.2.v20150203-1939.jar:na]
	at org.eclipse.core.runtime.adaptor.EclipseStarter.run(EclipseStarter.java:380) [org.eclipse.osgi_3.10.2.v20150203-1939.jar:na]
	at org.eclipse.core.runtime.adaptor.EclipseStarter.run(EclipseStarter.java:235) [org.eclipse.osgi_3.10.2.v20150203-1939.jar:na]
	at sun.reflect.NativeMethodAccessorImpl.invoke0(Native Method) ~[na:1.8.0_25]
	at sun.reflect.NativeMethodAccessorImpl.invoke(Unknown Source) ~[na:1.8.0_25]
	at sun.reflect.DelegatingMethodAccessorImpl.invoke(Unknown Source) ~[na:1.8.0_25]
	at java.lang.reflect.Method.invoke(Unknown Source) ~[na:1.8.0_25]
	at org.eclipse.equinox.launcher.Main.invokeFramework(Main.java:648) [org.eclipse.equinox.launcher_1.3.0.v20140415-2008.jar:na]
	at org.eclipse.equinox.launcher.Main.basicRun(Main.java:603) [org.eclipse.equinox.launcher_1.3.0.v20140415-2008.jar:na]
	at org.eclipse.equinox.launcher.Main.run(Main.java:1465) [org.eclipse.equinox.launcher_1.3.0.v20140415-2008.jar:na]
	at org.eclipse.equinox.launcher.Main.main(Main.java:1438) [org.eclipse.equinox.launcher_1.3.0.v20140415-2008.jar:na]
Caused by: java.io.IOException: CreateProcess error=2, The system cannot find the file specified
	at java.lang.ProcessImpl.create(Native Method) ~[na:1.8.0_25]
	at java.lang.ProcessImpl.<init>(Unknown Source) ~[na:1.8.0_25]
	at java.lang.ProcessImpl.start(Unknown Source) ~[na:1.8.0_25]
	... 59 common frames omitted
2015-06-12 14:46:47,242 [main] ERROR org.eclipse.jgit.util.FS - Caught exception in FS.readPipe()
java.io.IOException: Cannot run program "bash" (in directory "S:\"): CreateProcess error=2, The system cannot find the file specified
	at java.lang.ProcessBuilder.start(Unknown Source) ~[na:1.8.0_25]
	at java.lang.Runtime.exec(Unknown Source) ~[na:1.8.0_25]
	at org.eclipse.jgit.util.FS.readPipe(FS.java:431) [org.eclipse.jgit_3.7.1.201504261725-r.jar:3.7.1.201504261725-r]
	at org.eclipse.jgit.util.FS_Win32.discoverGitPrefix(FS_Win32.java:113) [org.eclipse.jgit_3.7.1.201504261725-r.jar:3.7.1.201504261725-r]
	at org.eclipse.jgit.util.FS.gitPrefix(FS.java:517) [org.eclipse.jgit_3.7.1.201504261725-r.jar:3.7.1.201504261725-r]
	at org.eclipse.jgit.util.SystemReader$Default.openSystemConfig(SystemReader.java:92) [org.eclipse.jgit_3.7.1.201504261725-r.jar:3.7.1.201504261725-r]
	at org.eclipse.jgit.internal.storage.file.FileRepository.<init>(FileRepository.java:171) [org.eclipse.jgit_3.7.1.201504261725-r.jar:3.7.1.201504261725-r]
	at org.eclipse.jgit.storage.file.FileRepositoryBuilder.build(FileRepositoryBuilder.java:92) [org.eclipse.jgit_3.7.1.201504261725-r.jar:3.7.1.201504261725-r]
	at org.eclipse.jgit.storage.file.FileRepositoryBuilder.create(FileRepositoryBuilder.java:110) [org.eclipse.jgit_3.7.1.201504261725-r.jar:3.7.1.201504261725-r]
	at org.eclipse.egit.core.RepositoryCache.lookupRepository(RepositoryCache.java:55) [org.eclipse.egit.core_3.7.1.201504261725-r.jar:na]
	at org.eclipse.egit.core.project.GitProjectData.map(GitProjectData.java:503) [org.eclipse.egit.core_3.7.1.201504261725-r.jar:na]
	at org.eclipse.egit.core.project.GitProjectData.remapAll(GitProjectData.java:471) [org.eclipse.egit.core_3.7.1.201504261725-r.jar:na]
	at org.eclipse.egit.core.project.GitProjectData.load(GitProjectData.java:464) [org.eclipse.egit.core_3.7.1.201504261725-r.jar:na]
	at org.eclipse.egit.core.project.GitProjectData.get(GitProjectData.java:204) [org.eclipse.egit.core_3.7.1.201504261725-r.jar:na]
	at org.eclipse.egit.core.GitProvider.getData(GitProvider.java:86) [org.eclipse.egit.core_3.7.1.201504261725-r.jar:na]
	at org.eclipse.egit.core.project.RepositoryMapping.getMapping(RepositoryMapping.java:318) [org.eclipse.egit.core_3.7.1.201504261725-r.jar:na]
	at org.eclipse.egit.ui.internal.actions.RepositoryActionHandler.getProjectsInRepositoryOfSelectedResources(RepositoryActionHandler.java:201) [org.eclipse.egit.ui_3.7.1.201504261725-r.jar:na]
	at org.eclipse.egit.ui.internal.actions.RepositoryActionHandler.getProjectsInRepositoryOfSelectedResources(RepositoryActionHandler.java:183) [org.eclipse.egit.ui_3.7.1.201504261725-r.jar:na]
	at org.eclipse.egit.ui.internal.actions.AddToIndexActionHandler.isEnabled(AddToIndexActionHandler.java:80) [org.eclipse.egit.ui_3.7.1.201504261725-r.jar:na]
	at org.eclipse.ui.internal.handlers.HandlerProxy.isEnabled(HandlerProxy.java:322) [org.eclipse.ui.workbench_3.106.2.v20150204-1030.jar:na]
	at org.eclipse.ui.internal.handlers.E4HandlerProxy.canExecute(E4HandlerProxy.java:73) [org.eclipse.ui.workbench_3.106.2.v20150204-1030.jar:na]
	at sun.reflect.GeneratedMethodAccessor6.invoke(Unknown Source) ~[na:na]
	at sun.reflect.DelegatingMethodAccessorImpl.invoke(Unknown Source) ~[na:1.8.0_25]
	at java.lang.reflect.Method.invoke(Unknown Source) ~[na:1.8.0_25]
	at org.eclipse.e4.core.internal.di.MethodRequestor.execute(MethodRequestor.java:55) [org.eclipse.e4.core.di_1.4.0.v20140414-1837.jar:na]
	at org.eclipse.e4.core.internal.di.InjectorImpl.invokeUsingClass(InjectorImpl.java:247) [org.eclipse.e4.core.di_1.4.0.v20140414-1837.jar:na]
	at org.eclipse.e4.core.internal.di.InjectorImpl.invoke(InjectorImpl.java:229) [org.eclipse.e4.core.di_1.4.0.v20140414-1837.jar:na]
	at org.eclipse.e4.core.contexts.ContextInjectionFactory.invoke(ContextInjectionFactory.java:132) [org.eclipse.e4.core.contexts_1.3.100.v20140407-1019.jar:na]
	at org.eclipse.e4.core.commands.internal.HandlerServiceHandler.isEnabled(HandlerServiceHandler.java:55) [org.eclipse.e4.core.commands_0.10.2.v20140424-2344.jar:na]
	at org.eclipse.core.commands.Command.isEnabled(Command.java:862) [org.eclipse.core.commands_3.6.100.v20140528-1422.jar:na]
	at org.eclipse.ui.internal.handlers.LegacyHandlerService.registerLegacyHandler(LegacyHandlerService.java:159) [org.eclipse.ui.workbench_3.106.2.v20150204-1030.jar:na]
	at org.eclipse.ui.internal.handlers.LegacyHandlerService.readHandlers(LegacyHandlerService.java:598) [org.eclipse.ui.workbench_3.106.2.v20150204-1030.jar:na]
	at org.eclipse.ui.internal.handlers.LegacyHandlerService.readRegistry(LegacyHandlerService.java:539) [org.eclipse.ui.workbench_3.106.2.v20150204-1030.jar:na]
	at org.eclipse.ui.internal.Workbench$49.runWithException(Workbench.java:2443) [org.eclipse.ui.workbench_3.106.2.v20150204-1030.jar:na]
	at org.eclipse.ui.internal.StartupThreading$StartupRunnable.run(StartupThreading.java:32) [org.eclipse.ui.workbench_3.106.2.v20150204-1030.jar:na]
	at org.eclipse.swt.widgets.RunnableLock.run(RunnableLock.java:35) [org.eclipse.swt.win32.win32.x86_64_3.103.2.v20150203-1351.jar:na]
	at org.eclipse.swt.widgets.Synchronizer.runAsyncMessages(Synchronizer.java:136) [org.eclipse.swt.win32.win32.x86_64_3.103.2.v20150203-1351.jar:na]
	at org.eclipse.swt.widgets.Display.runAsyncMessages(Display.java:4147) [org.eclipse.swt.win32.win32.x86_64_3.103.2.v20150203-1351.jar:na]
	at org.eclipse.swt.widgets.Display.readAndDispatch(Display.java:3764) [org.eclipse.swt.win32.win32.x86_64_3.103.2.v20150203-1351.jar:na]
	at org.eclipse.ui.internal.Workbench.runUI(Workbench.java:2897) [org.eclipse.ui.workbench_3.106.2.v20150204-1030.jar:na]
	at org.eclipse.ui.internal.Workbench.access$8(Workbench.java:2797) [org.eclipse.ui.workbench_3.106.2.v20150204-1030.jar:na]
	at org.eclipse.ui.internal.Workbench$5.run(Workbench.java:633) [org.eclipse.ui.workbench_3.106.2.v20150204-1030.jar:na]
	at org.eclipse.core.databinding.observable.Realm.runWithDefault(Realm.java:332) [org.eclipse.core.databinding.observable_1.4.1.v20140210-1835.jar:na]
	at org.eclipse.ui.internal.Workbench.createAndRunWorkbench(Workbench.java:579) [org.eclipse.ui.workbench_3.106.2.v20150204-1030.jar:na]
	at org.eclipse.ui.PlatformUI.createAndRunWorkbench(PlatformUI.java:150) [org.eclipse.ui.workbench_3.106.2.v20150204-1030.jar:na]
	at org.eclipse.ui.internal.ide.application.IDEApplication.start(IDEApplication.java:135) [org.eclipse.ui.ide.application_1.0.501.v20141111-1238.jar:na]
	at org.eclipse.equinox.internal.app.EclipseAppHandle.run(EclipseAppHandle.java:196) [org.eclipse.equinox.app_1.3.200.v20130910-1609.jar:na]
	at org.eclipse.core.runtime.internal.adaptor.EclipseAppLauncher.runApplication(EclipseAppLauncher.java:134) [org.eclipse.osgi_3.10.2.v20150203-1939.jar:na]
	at org.eclipse.core.runtime.internal.adaptor.EclipseAppLauncher.start(EclipseAppLauncher.java:104) [org.eclipse.osgi_3.10.2.v20150203-1939.jar:na]
	at org.eclipse.core.runtime.adaptor.EclipseStarter.run(EclipseStarter.java:380) [org.eclipse.osgi_3.10.2.v20150203-1939.jar:na]
	at org.eclipse.core.runtime.adaptor.EclipseStarter.run(EclipseStarter.java:235) [org.eclipse.osgi_3.10.2.v20150203-1939.jar:na]
	at sun.reflect.NativeMethodAccessorImpl.invoke0(Native Method) ~[na:1.8.0_25]
	at sun.reflect.NativeMethodAccessorImpl.invoke(Unknown Source) ~[na:1.8.0_25]
	at sun.reflect.DelegatingMethodAccessorImpl.invoke(Unknown Source) ~[na:1.8.0_25]
	at java.lang.reflect.Method.invoke(Unknown Source) ~[na:1.8.0_25]
	at org.eclipse.equinox.launcher.Main.invokeFramework(Main.java:648) [org.eclipse.equinox.launcher_1.3.0.v20140415-2008.jar:na]
	at org.eclipse.equinox.launcher.Main.basicRun(Main.java:603) [org.eclipse.equinox.launcher_1.3.0.v20140415-2008.jar:na]
	at org.eclipse.equinox.launcher.Main.run(Main.java:1465) [org.eclipse.equinox.launcher_1.3.0.v20140415-2008.jar:na]
	at org.eclipse.equinox.launcher.Main.main(Main.java:1438) [org.eclipse.equinox.launcher_1.3.0.v20140415-2008.jar:na]
Caused by: java.io.IOException: CreateProcess error=2, The system cannot find the file specified
	at java.lang.ProcessImpl.create(Native Method) ~[na:1.8.0_25]
	at java.lang.ProcessImpl.<init>(Unknown Source) ~[na:1.8.0_25]
	at java.lang.ProcessImpl.start(Unknown Source) ~[na:1.8.0_25]
	... 59 common frames omitted
2015-06-15 21:32:04,418 [main] ERROR org.eclipse.jgit.util.FS - Caught exception in FS.readPipe()
java.io.IOException: Cannot run program "bash" (in directory "C:\Users\dkosyakov"): CreateProcess error=2, The system cannot find the file specified
	at java.lang.ProcessBuilder.start(Unknown Source) ~[na:1.8.0_25]
	at java.lang.Runtime.exec(Unknown Source) ~[na:1.8.0_25]
	at org.eclipse.jgit.util.FS.readPipe(FS.java:431) [org.eclipse.jgit_3.7.1.201504261725-r.jar:3.7.1.201504261725-r]
	at org.eclipse.jgit.util.FS_Win32.discoverGitPrefix(FS_Win32.java:113) [org.eclipse.jgit_3.7.1.201504261725-r.jar:3.7.1.201504261725-r]
	at org.eclipse.jgit.util.FS.gitPrefix(FS.java:517) [org.eclipse.jgit_3.7.1.201504261725-r.jar:3.7.1.201504261725-r]
	at org.eclipse.jgit.util.SystemReader$Default.openSystemConfig(SystemReader.java:92) [org.eclipse.jgit_3.7.1.201504261725-r.jar:3.7.1.201504261725-r]
	at org.eclipse.jgit.internal.storage.file.FileRepository.<init>(FileRepository.java:171) [org.eclipse.jgit_3.7.1.201504261725-r.jar:3.7.1.201504261725-r]
	at org.eclipse.jgit.storage.file.FileRepositoryBuilder.build(FileRepositoryBuilder.java:92) [org.eclipse.jgit_3.7.1.201504261725-r.jar:3.7.1.201504261725-r]
	at org.eclipse.jgit.storage.file.FileRepositoryBuilder.create(FileRepositoryBuilder.java:110) [org.eclipse.jgit_3.7.1.201504261725-r.jar:3.7.1.201504261725-r]
	at org.eclipse.egit.core.RepositoryCache.lookupRepository(RepositoryCache.java:55) [org.eclipse.egit.core_3.7.1.201504261725-r.jar:na]
	at org.eclipse.egit.core.project.GitProjectData.map(GitProjectData.java:503) [org.eclipse.egit.core_3.7.1.201504261725-r.jar:na]
	at org.eclipse.egit.core.project.GitProjectData.remapAll(GitProjectData.java:471) [org.eclipse.egit.core_3.7.1.201504261725-r.jar:na]
	at org.eclipse.egit.core.project.GitProjectData.load(GitProjectData.java:464) [org.eclipse.egit.core_3.7.1.201504261725-r.jar:na]
	at org.eclipse.egit.core.project.GitProjectData.get(GitProjectData.java:204) [org.eclipse.egit.core_3.7.1.201504261725-r.jar:na]
	at org.eclipse.egit.core.GitProvider.getData(GitProvider.java:86) [org.eclipse.egit.core_3.7.1.201504261725-r.jar:na]
	at org.eclipse.egit.core.project.RepositoryMapping.getMapping(RepositoryMapping.java:318) [org.eclipse.egit.core_3.7.1.201504261725-r.jar:na]
	at org.eclipse.egit.ui.internal.actions.RepositoryActionHandler.getProjectsInRepositoryOfSelectedResources(RepositoryActionHandler.java:201) [org.eclipse.egit.ui_3.7.1.201504261725-r.jar:na]
	at org.eclipse.egit.ui.internal.actions.RepositoryActionHandler.getProjectsInRepositoryOfSelectedResources(RepositoryActionHandler.java:183) [org.eclipse.egit.ui_3.7.1.201504261725-r.jar:na]
	at org.eclipse.egit.ui.internal.actions.AddToIndexActionHandler.isEnabled(AddToIndexActionHandler.java:80) [org.eclipse.egit.ui_3.7.1.201504261725-r.jar:na]
	at org.eclipse.ui.internal.handlers.HandlerProxy.isEnabled(HandlerProxy.java:322) [org.eclipse.ui.workbench_3.106.2.v20150204-1030.jar:na]
	at org.eclipse.ui.internal.handlers.E4HandlerProxy.canExecute(E4HandlerProxy.java:73) [org.eclipse.ui.workbench_3.106.2.v20150204-1030.jar:na]
	at sun.reflect.GeneratedMethodAccessor6.invoke(Unknown Source) ~[na:na]
	at sun.reflect.DelegatingMethodAccessorImpl.invoke(Unknown Source) ~[na:1.8.0_25]
	at java.lang.reflect.Method.invoke(Unknown Source) ~[na:1.8.0_25]
	at org.eclipse.e4.core.internal.di.MethodRequestor.execute(MethodRequestor.java:55) [org.eclipse.e4.core.di_1.4.0.v20140414-1837.jar:na]
	at org.eclipse.e4.core.internal.di.InjectorImpl.invokeUsingClass(InjectorImpl.java:247) [org.eclipse.e4.core.di_1.4.0.v20140414-1837.jar:na]
	at org.eclipse.e4.core.internal.di.InjectorImpl.invoke(InjectorImpl.java:229) [org.eclipse.e4.core.di_1.4.0.v20140414-1837.jar:na]
	at org.eclipse.e4.core.contexts.ContextInjectionFactory.invoke(ContextInjectionFactory.java:132) [org.eclipse.e4.core.contexts_1.3.100.v20140407-1019.jar:na]
	at org.eclipse.e4.core.commands.internal.HandlerServiceHandler.isEnabled(HandlerServiceHandler.java:55) [org.eclipse.e4.core.commands_0.10.2.v20140424-2344.jar:na]
	at org.eclipse.core.commands.Command.isEnabled(Command.java:862) [org.eclipse.core.commands_3.6.100.v20140528-1422.jar:na]
	at org.eclipse.ui.internal.handlers.LegacyHandlerService.registerLegacyHandler(LegacyHandlerService.java:159) [org.eclipse.ui.workbench_3.106.2.v20150204-1030.jar:na]
	at org.eclipse.ui.internal.handlers.LegacyHandlerService.readHandlers(LegacyHandlerService.java:598) [org.eclipse.ui.workbench_3.106.2.v20150204-1030.jar:na]
	at org.eclipse.ui.internal.handlers.LegacyHandlerService.readRegistry(LegacyHandlerService.java:539) [org.eclipse.ui.workbench_3.106.2.v20150204-1030.jar:na]
	at org.eclipse.ui.internal.Workbench$49.runWithException(Workbench.java:2443) [org.eclipse.ui.workbench_3.106.2.v20150204-1030.jar:na]
	at org.eclipse.ui.internal.StartupThreading$StartupRunnable.run(StartupThreading.java:32) [org.eclipse.ui.workbench_3.106.2.v20150204-1030.jar:na]
	at org.eclipse.swt.widgets.RunnableLock.run(RunnableLock.java:35) [org.eclipse.swt.win32.win32.x86_64_3.103.2.v20150203-1351.jar:na]
	at org.eclipse.swt.widgets.Synchronizer.runAsyncMessages(Synchronizer.java:136) [org.eclipse.swt.win32.win32.x86_64_3.103.2.v20150203-1351.jar:na]
	at org.eclipse.swt.widgets.Display.runAsyncMessages(Display.java:4147) [org.eclipse.swt.win32.win32.x86_64_3.103.2.v20150203-1351.jar:na]
	at org.eclipse.swt.widgets.Display.readAndDispatch(Display.java:3764) [org.eclipse.swt.win32.win32.x86_64_3.103.2.v20150203-1351.jar:na]
	at org.eclipse.ui.internal.Workbench.runUI(Workbench.java:2897) [org.eclipse.ui.workbench_3.106.2.v20150204-1030.jar:na]
	at org.eclipse.ui.internal.Workbench.access$8(Workbench.java:2797) [org.eclipse.ui.workbench_3.106.2.v20150204-1030.jar:na]
	at org.eclipse.ui.internal.Workbench$5.run(Workbench.java:633) [org.eclipse.ui.workbench_3.106.2.v20150204-1030.jar:na]
	at org.eclipse.core.databinding.observable.Realm.runWithDefault(Realm.java:332) [org.eclipse.core.databinding.observable_1.4.1.v20140210-1835.jar:na]
	at org.eclipse.ui.internal.Workbench.createAndRunWorkbench(Workbench.java:579) [org.eclipse.ui.workbench_3.106.2.v20150204-1030.jar:na]
	at org.eclipse.ui.PlatformUI.createAndRunWorkbench(PlatformUI.java:150) [org.eclipse.ui.workbench_3.106.2.v20150204-1030.jar:na]
	at org.eclipse.ui.internal.ide.application.IDEApplication.start(IDEApplication.java:135) [org.eclipse.ui.ide.application_1.0.501.v20141111-1238.jar:na]
	at org.eclipse.equinox.internal.app.EclipseAppHandle.run(EclipseAppHandle.java:196) [org.eclipse.equinox.app_1.3.200.v20130910-1609.jar:na]
	at org.eclipse.core.runtime.internal.adaptor.EclipseAppLauncher.runApplication(EclipseAppLauncher.java:134) [org.eclipse.osgi_3.10.2.v20150203-1939.jar:na]
	at org.eclipse.core.runtime.internal.adaptor.EclipseAppLauncher.start(EclipseAppLauncher.java:104) [org.eclipse.osgi_3.10.2.v20150203-1939.jar:na]
	at org.eclipse.core.runtime.adaptor.EclipseStarter.run(EclipseStarter.java:380) [org.eclipse.osgi_3.10.2.v20150203-1939.jar:na]
	at org.eclipse.core.runtime.adaptor.EclipseStarter.run(EclipseStarter.java:235) [org.eclipse.osgi_3.10.2.v20150203-1939.jar:na]
	at sun.reflect.NativeMethodAccessorImpl.invoke0(Native Method) ~[na:1.8.0_25]
	at sun.reflect.NativeMethodAccessorImpl.invoke(Unknown Source) ~[na:1.8.0_25]
	at sun.reflect.DelegatingMethodAccessorImpl.invoke(Unknown Source) ~[na:1.8.0_25]
	at java.lang.reflect.Method.invoke(Unknown Source) ~[na:1.8.0_25]
	at org.eclipse.equinox.launcher.Main.invokeFramework(Main.java:648) [org.eclipse.equinox.launcher_1.3.0.v20140415-2008.jar:na]
	at org.eclipse.equinox.launcher.Main.basicRun(Main.java:603) [org.eclipse.equinox.launcher_1.3.0.v20140415-2008.jar:na]
	at org.eclipse.equinox.launcher.Main.run(Main.java:1465) [org.eclipse.equinox.launcher_1.3.0.v20140415-2008.jar:na]
	at org.eclipse.equinox.launcher.Main.main(Main.java:1438) [org.eclipse.equinox.launcher_1.3.0.v20140415-2008.jar:na]
Caused by: java.io.IOException: CreateProcess error=2, The system cannot find the file specified
	at java.lang.ProcessImpl.create(Native Method) ~[na:1.8.0_25]
	at java.lang.ProcessImpl.<init>(Unknown Source) ~[na:1.8.0_25]
	at java.lang.ProcessImpl.start(Unknown Source) ~[na:1.8.0_25]
	... 59 common frames omitted
2015-06-18 08:19:25,960 [main] ERROR org.eclipse.jgit.util.FS - Caught exception in FS.readPipe()
java.io.IOException: Cannot run program "bash" (in directory "C:\Users\dkosyakov"): CreateProcess error=2, The system cannot find the file specified
	at java.lang.ProcessBuilder.start(Unknown Source) ~[na:1.8.0_25]
	at java.lang.Runtime.exec(Unknown Source) ~[na:1.8.0_25]
	at org.eclipse.jgit.util.FS.readPipe(FS.java:431) [org.eclipse.jgit_3.7.1.201504261725-r.jar:3.7.1.201504261725-r]
	at org.eclipse.jgit.util.FS_Win32.discoverGitPrefix(FS_Win32.java:113) [org.eclipse.jgit_3.7.1.201504261725-r.jar:3.7.1.201504261725-r]
	at org.eclipse.jgit.util.FS.gitPrefix(FS.java:517) [org.eclipse.jgit_3.7.1.201504261725-r.jar:3.7.1.201504261725-r]
	at org.eclipse.jgit.util.SystemReader$Default.openSystemConfig(SystemReader.java:92) [org.eclipse.jgit_3.7.1.201504261725-r.jar:3.7.1.201504261725-r]
	at org.eclipse.jgit.internal.storage.file.FileRepository.<init>(FileRepository.java:171) [org.eclipse.jgit_3.7.1.201504261725-r.jar:3.7.1.201504261725-r]
	at org.eclipse.jgit.storage.file.FileRepositoryBuilder.build(FileRepositoryBuilder.java:92) [org.eclipse.jgit_3.7.1.201504261725-r.jar:3.7.1.201504261725-r]
	at org.eclipse.jgit.storage.file.FileRepositoryBuilder.create(FileRepositoryBuilder.java:110) [org.eclipse.jgit_3.7.1.201504261725-r.jar:3.7.1.201504261725-r]
	at org.eclipse.egit.core.RepositoryCache.lookupRepository(RepositoryCache.java:55) [org.eclipse.egit.core_3.7.1.201504261725-r.jar:na]
	at org.eclipse.egit.core.project.GitProjectData.map(GitProjectData.java:503) [org.eclipse.egit.core_3.7.1.201504261725-r.jar:na]
	at org.eclipse.egit.core.project.GitProjectData.remapAll(GitProjectData.java:471) [org.eclipse.egit.core_3.7.1.201504261725-r.jar:na]
	at org.eclipse.egit.core.project.GitProjectData.load(GitProjectData.java:464) [org.eclipse.egit.core_3.7.1.201504261725-r.jar:na]
	at org.eclipse.egit.core.project.GitProjectData.get(GitProjectData.java:204) [org.eclipse.egit.core_3.7.1.201504261725-r.jar:na]
	at org.eclipse.egit.core.GitProvider.getData(GitProvider.java:86) [org.eclipse.egit.core_3.7.1.201504261725-r.jar:na]
	at org.eclipse.egit.core.project.RepositoryMapping.getMapping(RepositoryMapping.java:318) [org.eclipse.egit.core_3.7.1.201504261725-r.jar:na]
	at org.eclipse.egit.ui.internal.actions.RepositoryActionHandler.getProjectsInRepositoryOfSelectedResources(RepositoryActionHandler.java:201) [org.eclipse.egit.ui_3.7.1.201504261725-r.jar:na]
	at org.eclipse.egit.ui.internal.actions.RepositoryActionHandler.getProjectsInRepositoryOfSelectedResources(RepositoryActionHandler.java:183) [org.eclipse.egit.ui_3.7.1.201504261725-r.jar:na]
	at org.eclipse.egit.ui.internal.actions.AddToIndexActionHandler.isEnabled(AddToIndexActionHandler.java:80) [org.eclipse.egit.ui_3.7.1.201504261725-r.jar:na]
	at org.eclipse.ui.internal.handlers.HandlerProxy.isEnabled(HandlerProxy.java:322) [org.eclipse.ui.workbench_3.106.2.v20150204-1030.jar:na]
	at org.eclipse.ui.internal.handlers.E4HandlerProxy.canExecute(E4HandlerProxy.java:73) [org.eclipse.ui.workbench_3.106.2.v20150204-1030.jar:na]
	at sun.reflect.GeneratedMethodAccessor6.invoke(Unknown Source) ~[na:na]
	at sun.reflect.DelegatingMethodAccessorImpl.invoke(Unknown Source) ~[na:1.8.0_25]
	at java.lang.reflect.Method.invoke(Unknown Source) ~[na:1.8.0_25]
	at org.eclipse.e4.core.internal.di.MethodRequestor.execute(MethodRequestor.java:55) [org.eclipse.e4.core.di_1.4.0.v20140414-1837.jar:na]
	at org.eclipse.e4.core.internal.di.InjectorImpl.invokeUsingClass(InjectorImpl.java:247) [org.eclipse.e4.core.di_1.4.0.v20140414-1837.jar:na]
	at org.eclipse.e4.core.internal.di.InjectorImpl.invoke(InjectorImpl.java:229) [org.eclipse.e4.core.di_1.4.0.v20140414-1837.jar:na]
	at org.eclipse.e4.core.contexts.ContextInjectionFactory.invoke(ContextInjectionFactory.java:132) [org.eclipse.e4.core.contexts_1.3.100.v20140407-1019.jar:na]
	at org.eclipse.e4.core.commands.internal.HandlerServiceHandler.isEnabled(HandlerServiceHandler.java:55) [org.eclipse.e4.core.commands_0.10.2.v20140424-2344.jar:na]
	at org.eclipse.core.commands.Command.isEnabled(Command.java:862) [org.eclipse.core.commands_3.6.100.v20140528-1422.jar:na]
	at org.eclipse.ui.internal.handlers.LegacyHandlerService.registerLegacyHandler(LegacyHandlerService.java:159) [org.eclipse.ui.workbench_3.106.2.v20150204-1030.jar:na]
	at org.eclipse.ui.internal.handlers.LegacyHandlerService.readHandlers(LegacyHandlerService.java:598) [org.eclipse.ui.workbench_3.106.2.v20150204-1030.jar:na]
	at org.eclipse.ui.internal.handlers.LegacyHandlerService.readRegistry(LegacyHandlerService.java:539) [org.eclipse.ui.workbench_3.106.2.v20150204-1030.jar:na]
	at org.eclipse.ui.internal.Workbench$49.runWithException(Workbench.java:2443) [org.eclipse.ui.workbench_3.106.2.v20150204-1030.jar:na]
	at org.eclipse.ui.internal.StartupThreading$StartupRunnable.run(StartupThreading.java:32) [org.eclipse.ui.workbench_3.106.2.v20150204-1030.jar:na]
	at org.eclipse.swt.widgets.RunnableLock.run(RunnableLock.java:35) [org.eclipse.swt.win32.win32.x86_64_3.103.2.v20150203-1351.jar:na]
	at org.eclipse.swt.widgets.Synchronizer.runAsyncMessages(Synchronizer.java:136) [org.eclipse.swt.win32.win32.x86_64_3.103.2.v20150203-1351.jar:na]
	at org.eclipse.swt.widgets.Display.runAsyncMessages(Display.java:4147) [org.eclipse.swt.win32.win32.x86_64_3.103.2.v20150203-1351.jar:na]
	at org.eclipse.swt.widgets.Display.readAndDispatch(Display.java:3764) [org.eclipse.swt.win32.win32.x86_64_3.103.2.v20150203-1351.jar:na]
	at org.eclipse.ui.internal.Workbench.runUI(Workbench.java:2897) [org.eclipse.ui.workbench_3.106.2.v20150204-1030.jar:na]
	at org.eclipse.ui.internal.Workbench.access$8(Workbench.java:2797) [org.eclipse.ui.workbench_3.106.2.v20150204-1030.jar:na]
	at org.eclipse.ui.internal.Workbench$5.run(Workbench.java:633) [org.eclipse.ui.workbench_3.106.2.v20150204-1030.jar:na]
	at org.eclipse.core.databinding.observable.Realm.runWithDefault(Realm.java:332) [org.eclipse.core.databinding.observable_1.4.1.v20140210-1835.jar:na]
	at org.eclipse.ui.internal.Workbench.createAndRunWorkbench(Workbench.java:579) [org.eclipse.ui.workbench_3.106.2.v20150204-1030.jar:na]
	at org.eclipse.ui.PlatformUI.createAndRunWorkbench(PlatformUI.java:150) [org.eclipse.ui.workbench_3.106.2.v20150204-1030.jar:na]
	at org.eclipse.ui.internal.ide.application.IDEApplication.start(IDEApplication.java:135) [org.eclipse.ui.ide.application_1.0.501.v20141111-1238.jar:na]
	at org.eclipse.equinox.internal.app.EclipseAppHandle.run(EclipseAppHandle.java:196) [org.eclipse.equinox.app_1.3.200.v20130910-1609.jar:na]
	at org.eclipse.core.runtime.internal.adaptor.EclipseAppLauncher.runApplication(EclipseAppLauncher.java:134) [org.eclipse.osgi_3.10.2.v20150203-1939.jar:na]
	at org.eclipse.core.runtime.internal.adaptor.EclipseAppLauncher.start(EclipseAppLauncher.java:104) [org.eclipse.osgi_3.10.2.v20150203-1939.jar:na]
	at org.eclipse.core.runtime.adaptor.EclipseStarter.run(EclipseStarter.java:380) [org.eclipse.osgi_3.10.2.v20150203-1939.jar:na]
	at org.eclipse.core.runtime.adaptor.EclipseStarter.run(EclipseStarter.java:235) [org.eclipse.osgi_3.10.2.v20150203-1939.jar:na]
	at sun.reflect.NativeMethodAccessorImpl.invoke0(Native Method) ~[na:1.8.0_25]
	at sun.reflect.NativeMethodAccessorImpl.invoke(Unknown Source) ~[na:1.8.0_25]
	at sun.reflect.DelegatingMethodAccessorImpl.invoke(Unknown Source) ~[na:1.8.0_25]
	at java.lang.reflect.Method.invoke(Unknown Source) ~[na:1.8.0_25]
	at org.eclipse.equinox.launcher.Main.invokeFramework(Main.java:648) [org.eclipse.equinox.launcher_1.3.0.v20140415-2008.jar:na]
	at org.eclipse.equinox.launcher.Main.basicRun(Main.java:603) [org.eclipse.equinox.launcher_1.3.0.v20140415-2008.jar:na]
	at org.eclipse.equinox.launcher.Main.run(Main.java:1465) [org.eclipse.equinox.launcher_1.3.0.v20140415-2008.jar:na]
	at org.eclipse.equinox.launcher.Main.main(Main.java:1438) [org.eclipse.equinox.launcher_1.3.0.v20140415-2008.jar:na]
Caused by: java.io.IOException: CreateProcess error=2, The system cannot find the file specified
	at java.lang.ProcessImpl.create(Native Method) ~[na:1.8.0_25]
	at java.lang.ProcessImpl.<init>(Unknown Source) ~[na:1.8.0_25]
	at java.lang.ProcessImpl.start(Unknown Source) ~[na:1.8.0_25]
	... 59 common frames omitted
2015-06-21 11:28:37,774 [Worker-0] ERROR org.eclipse.jgit.util.FS - Caught exception in FS.readPipe()
java.io.IOException: Cannot run program "bash" (in directory "C:\Users\dkosyakov"): CreateProcess error=2, The system cannot find the file specified
	at java.lang.ProcessBuilder.start(Unknown Source) ~[na:1.8.0_25]
	at java.lang.Runtime.exec(Unknown Source) ~[na:1.8.0_25]
	at org.eclipse.jgit.util.FS.readPipe(FS.java:431) [org.eclipse.jgit_3.7.1.201504261725-r.jar:3.7.1.201504261725-r]
	at org.eclipse.jgit.util.FS_Win32.discoverGitPrefix(FS_Win32.java:113) [org.eclipse.jgit_3.7.1.201504261725-r.jar:3.7.1.201504261725-r]
	at org.eclipse.jgit.util.FS.gitPrefix(FS.java:517) [org.eclipse.jgit_3.7.1.201504261725-r.jar:3.7.1.201504261725-r]
	at org.eclipse.jgit.util.SystemReader$Default.openSystemConfig(SystemReader.java:92) [org.eclipse.jgit_3.7.1.201504261725-r.jar:3.7.1.201504261725-r]
	at org.eclipse.jgit.internal.storage.file.FileRepository.<init>(FileRepository.java:171) [org.eclipse.jgit_3.7.1.201504261725-r.jar:3.7.1.201504261725-r]
	at org.eclipse.jgit.storage.file.FileRepositoryBuilder.build(FileRepositoryBuilder.java:92) [org.eclipse.jgit_3.7.1.201504261725-r.jar:3.7.1.201504261725-r]
	at org.eclipse.jgit.storage.file.FileRepositoryBuilder.create(FileRepositoryBuilder.java:110) [org.eclipse.jgit_3.7.1.201504261725-r.jar:3.7.1.201504261725-r]
	at org.eclipse.egit.core.RepositoryCache.lookupRepository(RepositoryCache.java:55) [org.eclipse.egit.core_3.7.1.201504261725-r.jar:na]
	at org.eclipse.egit.core.project.GitProjectData.map(GitProjectData.java:503) [org.eclipse.egit.core_3.7.1.201504261725-r.jar:na]
	at org.eclipse.egit.core.project.GitProjectData.remapAll(GitProjectData.java:471) [org.eclipse.egit.core_3.7.1.201504261725-r.jar:na]
	at org.eclipse.egit.core.project.GitProjectData.load(GitProjectData.java:464) [org.eclipse.egit.core_3.7.1.201504261725-r.jar:na]
	at org.eclipse.egit.core.project.GitProjectData.get(GitProjectData.java:204) [org.eclipse.egit.core_3.7.1.201504261725-r.jar:na]
	at org.eclipse.egit.core.GitProvider.getData(GitProvider.java:86) [org.eclipse.egit.core_3.7.1.201504261725-r.jar:na]
	at org.eclipse.egit.core.project.RepositoryMapping.getMapping(RepositoryMapping.java:318) [org.eclipse.egit.core_3.7.1.201504261725-r.jar:na]
	at org.eclipse.egit.core.Activator$IgnoreDerivedResources$1.visit(Activator.java:437) [org.eclipse.egit.core_3.7.1.201504261725-r.jar:na]
	at org.eclipse.core.internal.events.ResourceDelta.accept(ResourceDelta.java:69) [org.eclipse.core.resources_3.9.1.v20140825-1431.jar:na]
	at org.eclipse.core.internal.events.ResourceDelta.accept(ResourceDelta.java:80) [org.eclipse.core.resources_3.9.1.v20140825-1431.jar:na]
	at org.eclipse.core.internal.events.ResourceDelta.accept(ResourceDelta.java:49) [org.eclipse.core.resources_3.9.1.v20140825-1431.jar:na]
	at org.eclipse.egit.core.Activator$IgnoreDerivedResources.resourceChanged(Activator.java:422) [org.eclipse.egit.core_3.7.1.201504261725-r.jar:na]
	at org.eclipse.core.internal.events.NotificationManager$1.run(NotificationManager.java:291) [org.eclipse.core.resources_3.9.1.v20140825-1431.jar:na]
	at org.eclipse.core.runtime.SafeRunner.run(SafeRunner.java:42) [org.eclipse.equinox.common_3.6.200.v20130402-1505.jar:na]
	at org.eclipse.core.internal.events.NotificationManager.notify(NotificationManager.java:285) [org.eclipse.core.resources_3.9.1.v20140825-1431.jar:na]
	at org.eclipse.core.internal.events.NotificationManager.broadcastChanges(NotificationManager.java:149) [org.eclipse.core.resources_3.9.1.v20140825-1431.jar:na]
	at org.eclipse.core.internal.resources.Workspace.broadcastPostChange(Workspace.java:378) [org.eclipse.core.resources_3.9.1.v20140825-1431.jar:na]
	at org.eclipse.core.internal.resources.Workspace.endOperation(Workspace.java:1498) [org.eclipse.core.resources_3.9.1.v20140825-1431.jar:na]
	at org.eclipse.core.internal.resources.Resource.refreshLocal(Resource.java:1718) [org.eclipse.core.resources_3.9.1.v20140825-1431.jar:na]
	at org.eclipse.core.internal.refresh.RefreshJob.runInWorkspace(RefreshJob.java:167) [org.eclipse.core.resources_3.9.1.v20140825-1431.jar:na]
	at org.eclipse.core.internal.resources.InternalWorkspaceJob.run(InternalWorkspaceJob.java:38) [org.eclipse.core.resources_3.9.1.v20140825-1431.jar:na]
	at org.eclipse.core.internal.jobs.Worker.run(Worker.java:54) [org.eclipse.core.jobs_3.6.1.v20141014-1248.jar:na]
Caused by: java.io.IOException: CreateProcess error=2, The system cannot find the file specified
	at java.lang.ProcessImpl.create(Native Method) ~[na:1.8.0_25]
	at java.lang.ProcessImpl.<init>(Unknown Source) ~[na:1.8.0_25]
	at java.lang.ProcessImpl.start(Unknown Source) ~[na:1.8.0_25]
	... 31 common frames omitted
2015-06-21 23:50:33,621 [main] ERROR org.eclipse.jgit.util.FS - Caught exception in FS.readPipe()
java.io.IOException: Cannot run program "bash" (in directory "C:\Users\dkosyakov"): CreateProcess error=2, The system cannot find the file specified
	at java.lang.ProcessBuilder.start(Unknown Source) ~[na:1.8.0_25]
	at java.lang.Runtime.exec(Unknown Source) ~[na:1.8.0_25]
	at org.eclipse.jgit.util.FS.readPipe(FS.java:431) [org.eclipse.jgit_3.7.1.201504261725-r.jar:3.7.1.201504261725-r]
	at org.eclipse.jgit.util.FS_Win32.discoverGitPrefix(FS_Win32.java:113) [org.eclipse.jgit_3.7.1.201504261725-r.jar:3.7.1.201504261725-r]
	at org.eclipse.jgit.util.FS.gitPrefix(FS.java:517) [org.eclipse.jgit_3.7.1.201504261725-r.jar:3.7.1.201504261725-r]
	at org.eclipse.jgit.util.SystemReader$Default.openSystemConfig(SystemReader.java:92) [org.eclipse.jgit_3.7.1.201504261725-r.jar:3.7.1.201504261725-r]
	at org.eclipse.jgit.internal.storage.file.FileRepository.<init>(FileRepository.java:171) [org.eclipse.jgit_3.7.1.201504261725-r.jar:3.7.1.201504261725-r]
	at org.eclipse.jgit.storage.file.FileRepositoryBuilder.build(FileRepositoryBuilder.java:92) [org.eclipse.jgit_3.7.1.201504261725-r.jar:3.7.1.201504261725-r]
	at org.eclipse.jgit.storage.file.FileRepositoryBuilder.create(FileRepositoryBuilder.java:110) [org.eclipse.jgit_3.7.1.201504261725-r.jar:3.7.1.201504261725-r]
	at org.eclipse.egit.core.RepositoryCache.lookupRepository(RepositoryCache.java:55) [org.eclipse.egit.core_3.7.1.201504261725-r.jar:na]
	at org.eclipse.egit.core.project.GitProjectData.map(GitProjectData.java:503) [org.eclipse.egit.core_3.7.1.201504261725-r.jar:na]
	at org.eclipse.egit.core.project.GitProjectData.remapAll(GitProjectData.java:471) [org.eclipse.egit.core_3.7.1.201504261725-r.jar:na]
	at org.eclipse.egit.core.project.GitProjectData.load(GitProjectData.java:464) [org.eclipse.egit.core_3.7.1.201504261725-r.jar:na]
	at org.eclipse.egit.core.project.GitProjectData.get(GitProjectData.java:204) [org.eclipse.egit.core_3.7.1.201504261725-r.jar:na]
	at org.eclipse.egit.core.GitProvider.getData(GitProvider.java:86) [org.eclipse.egit.core_3.7.1.201504261725-r.jar:na]
	at org.eclipse.egit.core.project.RepositoryMapping.getMapping(RepositoryMapping.java:318) [org.eclipse.egit.core_3.7.1.201504261725-r.jar:na]
	at org.eclipse.egit.ui.internal.actions.RepositoryActionHandler.getProjectsInRepositoryOfSelectedResources(RepositoryActionHandler.java:201) [org.eclipse.egit.ui_3.7.1.201504261725-r.jar:na]
	at org.eclipse.egit.ui.internal.actions.RepositoryActionHandler.getProjectsInRepositoryOfSelectedResources(RepositoryActionHandler.java:183) [org.eclipse.egit.ui_3.7.1.201504261725-r.jar:na]
	at org.eclipse.egit.ui.internal.actions.AddToIndexActionHandler.isEnabled(AddToIndexActionHandler.java:80) [org.eclipse.egit.ui_3.7.1.201504261725-r.jar:na]
	at org.eclipse.ui.internal.handlers.HandlerProxy.isEnabled(HandlerProxy.java:322) [org.eclipse.ui.workbench_3.106.2.v20150204-1030.jar:na]
	at org.eclipse.ui.internal.handlers.E4HandlerProxy.canExecute(E4HandlerProxy.java:73) [org.eclipse.ui.workbench_3.106.2.v20150204-1030.jar:na]
	at sun.reflect.GeneratedMethodAccessor6.invoke(Unknown Source) ~[na:na]
	at sun.reflect.DelegatingMethodAccessorImpl.invoke(Unknown Source) ~[na:1.8.0_25]
	at java.lang.reflect.Method.invoke(Unknown Source) ~[na:1.8.0_25]
	at org.eclipse.e4.core.internal.di.MethodRequestor.execute(MethodRequestor.java:55) [org.eclipse.e4.core.di_1.4.0.v20140414-1837.jar:na]
	at org.eclipse.e4.core.internal.di.InjectorImpl.invokeUsingClass(InjectorImpl.java:247) [org.eclipse.e4.core.di_1.4.0.v20140414-1837.jar:na]
	at org.eclipse.e4.core.internal.di.InjectorImpl.invoke(InjectorImpl.java:229) [org.eclipse.e4.core.di_1.4.0.v20140414-1837.jar:na]
	at org.eclipse.e4.core.contexts.ContextInjectionFactory.invoke(ContextInjectionFactory.java:132) [org.eclipse.e4.core.contexts_1.3.100.v20140407-1019.jar:na]
	at org.eclipse.e4.core.commands.internal.HandlerServiceHandler.isEnabled(HandlerServiceHandler.java:55) [org.eclipse.e4.core.commands_0.10.2.v20140424-2344.jar:na]
	at org.eclipse.core.commands.Command.isEnabled(Command.java:862) [org.eclipse.core.commands_3.6.100.v20140528-1422.jar:na]
	at org.eclipse.ui.internal.handlers.LegacyHandlerService.registerLegacyHandler(LegacyHandlerService.java:159) [org.eclipse.ui.workbench_3.106.2.v20150204-1030.jar:na]
	at org.eclipse.ui.internal.handlers.LegacyHandlerService.readHandlers(LegacyHandlerService.java:598) [org.eclipse.ui.workbench_3.106.2.v20150204-1030.jar:na]
	at org.eclipse.ui.internal.handlers.LegacyHandlerService.readRegistry(LegacyHandlerService.java:539) [org.eclipse.ui.workbench_3.106.2.v20150204-1030.jar:na]
	at org.eclipse.ui.internal.Workbench$49.runWithException(Workbench.java:2443) [org.eclipse.ui.workbench_3.106.2.v20150204-1030.jar:na]
	at org.eclipse.ui.internal.StartupThreading$StartupRunnable.run(StartupThreading.java:32) [org.eclipse.ui.workbench_3.106.2.v20150204-1030.jar:na]
	at org.eclipse.swt.widgets.RunnableLock.run(RunnableLock.java:35) [org.eclipse.swt.win32.win32.x86_64_3.103.2.v20150203-1351.jar:na]
	at org.eclipse.swt.widgets.Synchronizer.runAsyncMessages(Synchronizer.java:136) [org.eclipse.swt.win32.win32.x86_64_3.103.2.v20150203-1351.jar:na]
	at org.eclipse.swt.widgets.Display.runAsyncMessages(Display.java:4147) [org.eclipse.swt.win32.win32.x86_64_3.103.2.v20150203-1351.jar:na]
	at org.eclipse.swt.widgets.Display.readAndDispatch(Display.java:3764) [org.eclipse.swt.win32.win32.x86_64_3.103.2.v20150203-1351.jar:na]
	at org.eclipse.ui.internal.Workbench.runUI(Workbench.java:2897) [org.eclipse.ui.workbench_3.106.2.v20150204-1030.jar:na]
	at org.eclipse.ui.internal.Workbench.access$8(Workbench.java:2797) [org.eclipse.ui.workbench_3.106.2.v20150204-1030.jar:na]
	at org.eclipse.ui.internal.Workbench$5.run(Workbench.java:633) [org.eclipse.ui.workbench_3.106.2.v20150204-1030.jar:na]
	at org.eclipse.core.databinding.observable.Realm.runWithDefault(Realm.java:332) [org.eclipse.core.databinding.observable_1.4.1.v20140210-1835.jar:na]
	at org.eclipse.ui.internal.Workbench.createAndRunWorkbench(Workbench.java:579) [org.eclipse.ui.workbench_3.106.2.v20150204-1030.jar:na]
	at org.eclipse.ui.PlatformUI.createAndRunWorkbench(PlatformUI.java:150) [org.eclipse.ui.workbench_3.106.2.v20150204-1030.jar:na]
	at org.eclipse.ui.internal.ide.application.IDEApplication.start(IDEApplication.java:135) [org.eclipse.ui.ide.application_1.0.501.v20141111-1238.jar:na]
	at org.eclipse.equinox.internal.app.EclipseAppHandle.run(EclipseAppHandle.java:196) [org.eclipse.equinox.app_1.3.200.v20130910-1609.jar:na]
	at org.eclipse.core.runtime.internal.adaptor.EclipseAppLauncher.runApplication(EclipseAppLauncher.java:134) [org.eclipse.osgi_3.10.2.v20150203-1939.jar:na]
	at org.eclipse.core.runtime.internal.adaptor.EclipseAppLauncher.start(EclipseAppLauncher.java:104) [org.eclipse.osgi_3.10.2.v20150203-1939.jar:na]
	at org.eclipse.core.runtime.adaptor.EclipseStarter.run(EclipseStarter.java:380) [org.eclipse.osgi_3.10.2.v20150203-1939.jar:na]
	at org.eclipse.core.runtime.adaptor.EclipseStarter.run(EclipseStarter.java:235) [org.eclipse.osgi_3.10.2.v20150203-1939.jar:na]
	at sun.reflect.NativeMethodAccessorImpl.invoke0(Native Method) ~[na:1.8.0_25]
	at sun.reflect.NativeMethodAccessorImpl.invoke(Unknown Source) ~[na:1.8.0_25]
	at sun.reflect.DelegatingMethodAccessorImpl.invoke(Unknown Source) ~[na:1.8.0_25]
	at java.lang.reflect.Method.invoke(Unknown Source) ~[na:1.8.0_25]
	at org.eclipse.equinox.launcher.Main.invokeFramework(Main.java:648) [org.eclipse.equinox.launcher_1.3.0.v20140415-2008.jar:na]
	at org.eclipse.equinox.launcher.Main.basicRun(Main.java:603) [org.eclipse.equinox.launcher_1.3.0.v20140415-2008.jar:na]
	at org.eclipse.equinox.launcher.Main.run(Main.java:1465) [org.eclipse.equinox.launcher_1.3.0.v20140415-2008.jar:na]
	at org.eclipse.equinox.launcher.Main.main(Main.java:1438) [org.eclipse.equinox.launcher_1.3.0.v20140415-2008.jar:na]
Caused by: java.io.IOException: CreateProcess error=2, The system cannot find the file specified
	at java.lang.ProcessImpl.create(Native Method) ~[na:1.8.0_25]
	at java.lang.ProcessImpl.<init>(Unknown Source) ~[na:1.8.0_25]
	at java.lang.ProcessImpl.start(Unknown Source) ~[na:1.8.0_25]
	... 59 common frames omitted
2015-06-25 17:16:06,205 [main] ERROR org.eclipse.jgit.util.FS - Caught exception in FS.readPipe()
java.io.IOException: Cannot run program "bash" (in directory "S:\"): CreateProcess error=2, The system cannot find the file specified
	at java.lang.ProcessBuilder.start(Unknown Source) ~[na:1.8.0_25]
	at java.lang.Runtime.exec(Unknown Source) ~[na:1.8.0_25]
	at org.eclipse.jgit.util.FS.readPipe(FS.java:431) [org.eclipse.jgit_3.7.1.201504261725-r.jar:3.7.1.201504261725-r]
	at org.eclipse.jgit.util.FS_Win32.discoverGitPrefix(FS_Win32.java:113) [org.eclipse.jgit_3.7.1.201504261725-r.jar:3.7.1.201504261725-r]
	at org.eclipse.jgit.util.FS.gitPrefix(FS.java:517) [org.eclipse.jgit_3.7.1.201504261725-r.jar:3.7.1.201504261725-r]
	at org.eclipse.jgit.util.SystemReader$Default.openSystemConfig(SystemReader.java:92) [org.eclipse.jgit_3.7.1.201504261725-r.jar:3.7.1.201504261725-r]
	at org.eclipse.jgit.internal.storage.file.FileRepository.<init>(FileRepository.java:171) [org.eclipse.jgit_3.7.1.201504261725-r.jar:3.7.1.201504261725-r]
	at org.eclipse.jgit.storage.file.FileRepositoryBuilder.build(FileRepositoryBuilder.java:92) [org.eclipse.jgit_3.7.1.201504261725-r.jar:3.7.1.201504261725-r]
	at org.eclipse.jgit.storage.file.FileRepositoryBuilder.create(FileRepositoryBuilder.java:110) [org.eclipse.jgit_3.7.1.201504261725-r.jar:3.7.1.201504261725-r]
	at org.eclipse.egit.core.RepositoryCache.lookupRepository(RepositoryCache.java:55) [org.eclipse.egit.core_3.7.1.201504261725-r.jar:na]
	at org.eclipse.egit.core.project.GitProjectData.map(GitProjectData.java:503) [org.eclipse.egit.core_3.7.1.201504261725-r.jar:na]
	at org.eclipse.egit.core.project.GitProjectData.remapAll(GitProjectData.java:471) [org.eclipse.egit.core_3.7.1.201504261725-r.jar:na]
	at org.eclipse.egit.core.project.GitProjectData.load(GitProjectData.java:464) [org.eclipse.egit.core_3.7.1.201504261725-r.jar:na]
	at org.eclipse.egit.core.project.GitProjectData.get(GitProjectData.java:204) [org.eclipse.egit.core_3.7.1.201504261725-r.jar:na]
	at org.eclipse.egit.core.GitProvider.getData(GitProvider.java:86) [org.eclipse.egit.core_3.7.1.201504261725-r.jar:na]
	at org.eclipse.egit.core.project.RepositoryMapping.getMapping(RepositoryMapping.java:318) [org.eclipse.egit.core_3.7.1.201504261725-r.jar:na]
	at org.eclipse.egit.ui.internal.actions.RepositoryActionHandler.getProjectsInRepositoryOfSelectedResources(RepositoryActionHandler.java:201) [org.eclipse.egit.ui_3.7.1.201504261725-r.jar:na]
	at org.eclipse.egit.ui.internal.actions.RepositoryActionHandler.getProjectsInRepositoryOfSelectedResources(RepositoryActionHandler.java:183) [org.eclipse.egit.ui_3.7.1.201504261725-r.jar:na]
	at org.eclipse.egit.ui.internal.actions.AddToIndexActionHandler.isEnabled(AddToIndexActionHandler.java:80) [org.eclipse.egit.ui_3.7.1.201504261725-r.jar:na]
	at org.eclipse.ui.internal.handlers.HandlerProxy.isEnabled(HandlerProxy.java:322) [org.eclipse.ui.workbench_3.106.2.v20150204-1030.jar:na]
	at org.eclipse.ui.internal.handlers.E4HandlerProxy.canExecute(E4HandlerProxy.java:73) [org.eclipse.ui.workbench_3.106.2.v20150204-1030.jar:na]
	at sun.reflect.GeneratedMethodAccessor6.invoke(Unknown Source) ~[na:na]
	at sun.reflect.DelegatingMethodAccessorImpl.invoke(Unknown Source) ~[na:1.8.0_25]
	at java.lang.reflect.Method.invoke(Unknown Source) ~[na:1.8.0_25]
	at org.eclipse.e4.core.internal.di.MethodRequestor.execute(MethodRequestor.java:55) [org.eclipse.e4.core.di_1.4.0.v20140414-1837.jar:na]
	at org.eclipse.e4.core.internal.di.InjectorImpl.invokeUsingClass(InjectorImpl.java:247) [org.eclipse.e4.core.di_1.4.0.v20140414-1837.jar:na]
	at org.eclipse.e4.core.internal.di.InjectorImpl.invoke(InjectorImpl.java:229) [org.eclipse.e4.core.di_1.4.0.v20140414-1837.jar:na]
	at org.eclipse.e4.core.contexts.ContextInjectionFactory.invoke(ContextInjectionFactory.java:132) [org.eclipse.e4.core.contexts_1.3.100.v20140407-1019.jar:na]
	at org.eclipse.e4.core.commands.internal.HandlerServiceHandler.isEnabled(HandlerServiceHandler.java:55) [org.eclipse.e4.core.commands_0.10.2.v20140424-2344.jar:na]
	at org.eclipse.core.commands.Command.isEnabled(Command.java:862) [org.eclipse.core.commands_3.6.100.v20140528-1422.jar:na]
	at org.eclipse.ui.internal.handlers.LegacyHandlerService.registerLegacyHandler(LegacyHandlerService.java:159) [org.eclipse.ui.workbench_3.106.2.v20150204-1030.jar:na]
	at org.eclipse.ui.internal.handlers.LegacyHandlerService.readHandlers(LegacyHandlerService.java:598) [org.eclipse.ui.workbench_3.106.2.v20150204-1030.jar:na]
	at org.eclipse.ui.internal.handlers.LegacyHandlerService.readRegistry(LegacyHandlerService.java:539) [org.eclipse.ui.workbench_3.106.2.v20150204-1030.jar:na]
	at org.eclipse.ui.internal.Workbench$49.runWithException(Workbench.java:2443) [org.eclipse.ui.workbench_3.106.2.v20150204-1030.jar:na]
	at org.eclipse.ui.internal.StartupThreading$StartupRunnable.run(StartupThreading.java:32) [org.eclipse.ui.workbench_3.106.2.v20150204-1030.jar:na]
	at org.eclipse.swt.widgets.RunnableLock.run(RunnableLock.java:35) [org.eclipse.swt.win32.win32.x86_64_3.103.2.v20150203-1351.jar:na]
	at org.eclipse.swt.widgets.Synchronizer.runAsyncMessages(Synchronizer.java:136) [org.eclipse.swt.win32.win32.x86_64_3.103.2.v20150203-1351.jar:na]
	at org.eclipse.swt.widgets.Display.runAsyncMessages(Display.java:4147) [org.eclipse.swt.win32.win32.x86_64_3.103.2.v20150203-1351.jar:na]
	at org.eclipse.swt.widgets.Display.readAndDispatch(Display.java:3764) [org.eclipse.swt.win32.win32.x86_64_3.103.2.v20150203-1351.jar:na]
	at org.eclipse.ui.internal.Workbench.runUI(Workbench.java:2897) [org.eclipse.ui.workbench_3.106.2.v20150204-1030.jar:na]
	at org.eclipse.ui.internal.Workbench.access$8(Workbench.java:2797) [org.eclipse.ui.workbench_3.106.2.v20150204-1030.jar:na]
	at org.eclipse.ui.internal.Workbench$5.run(Workbench.java:633) [org.eclipse.ui.workbench_3.106.2.v20150204-1030.jar:na]
	at org.eclipse.core.databinding.observable.Realm.runWithDefault(Realm.java:332) [org.eclipse.core.databinding.observable_1.4.1.v20140210-1835.jar:na]
	at org.eclipse.ui.internal.Workbench.createAndRunWorkbench(Workbench.java:579) [org.eclipse.ui.workbench_3.106.2.v20150204-1030.jar:na]
	at org.eclipse.ui.PlatformUI.createAndRunWorkbench(PlatformUI.java:150) [org.eclipse.ui.workbench_3.106.2.v20150204-1030.jar:na]
	at org.eclipse.ui.internal.ide.application.IDEApplication.start(IDEApplication.java:135) [org.eclipse.ui.ide.application_1.0.501.v20141111-1238.jar:na]
	at org.eclipse.equinox.internal.app.EclipseAppHandle.run(EclipseAppHandle.java:196) [org.eclipse.equinox.app_1.3.200.v20130910-1609.jar:na]
	at org.eclipse.core.runtime.internal.adaptor.EclipseAppLauncher.runApplication(EclipseAppLauncher.java:134) [org.eclipse.osgi_3.10.2.v20150203-1939.jar:na]
	at org.eclipse.core.runtime.internal.adaptor.EclipseAppLauncher.start(EclipseAppLauncher.java:104) [org.eclipse.osgi_3.10.2.v20150203-1939.jar:na]
	at org.eclipse.core.runtime.adaptor.EclipseStarter.run(EclipseStarter.java:380) [org.eclipse.osgi_3.10.2.v20150203-1939.jar:na]
	at org.eclipse.core.runtime.adaptor.EclipseStarter.run(EclipseStarter.java:235) [org.eclipse.osgi_3.10.2.v20150203-1939.jar:na]
	at sun.reflect.NativeMethodAccessorImpl.invoke0(Native Method) ~[na:1.8.0_25]
	at sun.reflect.NativeMethodAccessorImpl.invoke(Unknown Source) ~[na:1.8.0_25]
	at sun.reflect.DelegatingMethodAccessorImpl.invoke(Unknown Source) ~[na:1.8.0_25]
	at java.lang.reflect.Method.invoke(Unknown Source) ~[na:1.8.0_25]
	at org.eclipse.equinox.launcher.Main.invokeFramework(Main.java:648) [org.eclipse.equinox.launcher_1.3.0.v20140415-2008.jar:na]
	at org.eclipse.equinox.launcher.Main.basicRun(Main.java:603) [org.eclipse.equinox.launcher_1.3.0.v20140415-2008.jar:na]
	at org.eclipse.equinox.launcher.Main.run(Main.java:1465) [org.eclipse.equinox.launcher_1.3.0.v20140415-2008.jar:na]
	at org.eclipse.equinox.launcher.Main.main(Main.java:1438) [org.eclipse.equinox.launcher_1.3.0.v20140415-2008.jar:na]
Caused by: java.io.IOException: CreateProcess error=2, The system cannot find the file specified
	at java.lang.ProcessImpl.create(Native Method) ~[na:1.8.0_25]
	at java.lang.ProcessImpl.<init>(Unknown Source) ~[na:1.8.0_25]
	at java.lang.ProcessImpl.start(Unknown Source) ~[na:1.8.0_25]
	... 59 common frames omitted
